This is pdfTeX, Version 3.141592653-2.6-1.40.25 (MiKTeX 23.10.12 Portable) (preloaded format=pdflatex 2023.11.1)  5 NOV 2023 08:32
entering extended mode
 restricted \write18 enabled.
 %&-line parsing enabled.
**./thesis.tex
(thesis.tex
LaTeX2e <2023-06-01> patch level 1
L3 programming layer <2023-10-23>
(thesisclass.cls
Document Class: thesisclass 

(C:\Users\Vinzenz Götz\Desktop\Uni\CFDStudienarbeit\Tex\miktex\texmfs\install\
tex/latex/koma-script\scrbook.cls
Document Class: scrbook 2023/07/07 v3.41 KOMA-Script document class (book)

(C:\Users\Vinzenz Götz\Desktop\Uni\CFDStudienarbeit\Tex\miktex\texmfs\install\
tex/latex/koma-script\scrkbase.sty
Package: scrkbase 2023/07/07 v3.41 KOMA-Script package (KOMA-Script-dependent b
asics and keyval usage)

(C:\Users\Vinzenz Götz\Desktop\Uni\CFDStudienarbeit\Tex\miktex\texmfs\install\
tex/latex/koma-script\scrbase.sty
Package: scrbase 2023/07/07 v3.41 KOMA-Script package (KOMA-Script-independent 
basics and keyval usage)

(C:\Users\Vinzenz Götz\Desktop\Uni\CFDStudienarbeit\Tex\miktex\texmfs\install\
tex/latex/koma-script\scrlfile.sty
Package: scrlfile 2023/07/07 v3.41 KOMA-Script package (file load hooks)

(C:\Users\Vinzenz Götz\Desktop\Uni\CFDStudienarbeit\Tex\miktex\texmfs\install\
tex/latex/koma-script\scrlfile-hook.sty
Package: scrlfile-hook 2023/07/07 v3.41 KOMA-Script package (using LaTeX hooks)


(C:\Users\Vinzenz Götz\Desktop\Uni\CFDStudienarbeit\Tex\miktex\texmfs\install\
tex/latex/koma-script\scrlogo.sty
Package: scrlogo 2023/07/07 v3.41 KOMA-Script package (logo)
)))
(C:\Users\Vinzenz Götz\Desktop\Uni\CFDStudienarbeit\Tex\miktex\texmfs\install\
tex/latex/graphics\keyval.sty
Package: keyval 2022/05/29 v1.15 key=value parser (DPC)
\KV@toks@=\toks17
)
Applying: [2021/05/01] Usage of raw or classic option list on input line 252.
Already applied: [0000/00/00] Usage of raw or classic option list on input line
 368.
))
(C:\Users\Vinzenz Götz\Desktop\Uni\CFDStudienarbeit\Tex\miktex\texmfs\install\
tex/latex/koma-script\tocbasic.sty
Package: tocbasic 2023/07/07 v3.41 KOMA-Script package (handling toc-files)
\scr@dte@tocline@numberwidth=\skip48
\scr@dte@tocline@numbox=\box51
)
Package tocbasic Info: omitting babel extension for `toc'
(tocbasic)             because of feature `nobabel' available
(tocbasic)             for `toc' on input line 135.
Package scrbook Info: You've used standard option `11pt'.
(scrbook)             This is correct!
(scrbook)             Internally I'm using `fontsize=11pt'.
(scrbook)             If you'd like to set the option with \KOMAoptions,
(scrbook)             you'd have to use `fontsize=11pt' there
(scrbook)             instead of `11pt', too.
Class scrbook Info: You've used standard option `openany'.
(scrbook)           This is correct!
(scrbook)           Internally I'm using `open=any'.
(scrbook)           If you'd like to set the option with \KOMAoptions,
(scrbook)           you'd have to use `open=any' there
(scrbook)           instead of `openany', too.
Class scrbook Info: You've used standard option `oneside'.
(scrbook)           This is correct!
(scrbook)           Internally I'm using `twoside=false'.
(scrbook)           If you'd like to set the option with \KOMAoptions,
(scrbook)           you'd have to use `twoside=false' there
(scrbook)           instead of `oneside', too.
Class scrbook Info: File `scrsize11pt.clo' used to setup font sizes on input li
ne 2691.

(C:\Users\Vinzenz Götz\Desktop\Uni\CFDStudienarbeit\Tex\miktex\texmfs\install\
tex/latex/koma-script\scrsize11pt.clo
File: scrsize11pt.clo 2023/07/07 v3.41 KOMA-Script font size class option (11pt
)
)
(C:\Users\Vinzenz Götz\Desktop\Uni\CFDStudienarbeit\Tex\miktex\texmfs\install\
tex/latex/koma-script\typearea.sty
Package: typearea 2023/07/07 v3.41 KOMA-Script package (type area)
\ta@bcor=\skip49
\ta@div=\count186
\ta@hblk=\skip50
\ta@vblk=\skip51
\ta@temp=\skip52
\footheight=\skip53
Package typearea Info: These are the values describing the layout:
(typearea)             DIV  = 10
(typearea)             BCOR = 0.0pt
(typearea)             \paperwidth      = 597.50793pt
(typearea)              \textwidth      = 418.25555pt
(typearea)              DIV departure   = -6%
(typearea)              \evensidemargin = 17.3562pt
(typearea)              \oddsidemargin  = 17.3562pt
(typearea)             \paperheight     = 845.04694pt
(typearea)              \textheight     = 595.80026pt
(typearea)              \topmargin      = -25.16531pt
(typearea)              \headheight     = 17.0pt
(typearea)              \headsep        = 20.40001pt
(typearea)              \topskip        = 11.0pt
(typearea)              \footskip       = 47.6pt
(typearea)              \baselineskip   = 13.6pt
(typearea)              on input line 1799.
)
\c@part=\count187
\c@chapter=\count188
\c@section=\count189
\c@subsection=\count190
\c@subsubsection=\count191
\c@paragraph=\count192
\c@subparagraph=\count193
\scr@dte@chapter@maxnumwidth=\skip54
Class scrbook Info: using compatibility default `afterindent=bysign'
(scrbook)           for `\chapter on input line 5990.
\scr@dte@section@maxnumwidth=\skip55
Class scrbook Info: using compatibility default `runin=bysign'
(scrbook)           for `\section on input line 6001.
Class scrbook Info: using compatibility default `afterindent=bysign'
(scrbook)           for `\section on input line 6001.
\scr@dte@part@maxnumwidth=\skip56
Class scrbook Info: using compatibility default `afterindent=true'
(scrbook)           for `\part on input line 6010.
\scr@dte@subsection@maxnumwidth=\skip57
Class scrbook Info: using compatibility default `runin=bysign'
(scrbook)           for `\subsection on input line 6020.
Class scrbook Info: using compatibility default `afterindent=bysign'
(scrbook)           for `\subsection on input line 6020.
\scr@dte@subsubsection@maxnumwidth=\skip58
Class scrbook Info: using compatibility default `runin=bysign'
(scrbook)           for `\subsubsection on input line 6030.
Class scrbook Info: using compatibility default `afterindent=bysign'
(scrbook)           for `\subsubsection on input line 6030.
\scr@dte@paragraph@maxnumwidth=\skip59
Class scrbook Info: using compatibility default `runin=bysign'
(scrbook)           for `\paragraph on input line 6041.
Class scrbook Info: using compatibility default `afterindent=bysign'
(scrbook)           for `\paragraph on input line 6041.
\scr@dte@subparagraph@maxnumwidth=\skip60
Class scrbook Info: using compatibility default `runin=bysign'
(scrbook)           for `\subparagraph on input line 6051.
Class scrbook Info: using compatibility default `afterindent=bysign'
(scrbook)           for `\subparagraph on input line 6051.
\abovecaptionskip=\skip61
\belowcaptionskip=\skip62
\c@pti@nb@sid@b@x=\box52
Package tocbasic Info: omitting babel extension for `lof'
(tocbasic)             because of feature `nobabel' available
(tocbasic)             for `lof' on input line 7242.
\scr@dte@figure@maxnumwidth=\skip63
\c@figure=\count194
Package tocbasic Info: omitting babel extension for `lot'
(tocbasic)             because of feature `nobabel' available
(tocbasic)             for `lot' on input line 7259.
\scr@dte@table@maxnumwidth=\skip64
\c@table=\count195
Class scrbook Info: Redefining `\numberline' on input line 7430.
\bibindent=\dimen140
)
(C:\Users\Vinzenz Götz\Desktop\Uni\CFDStudienarbeit\Tex\miktex\texmfs\install\
tex/latex/hyperref\hyperref.sty
Package: hyperref 2023-10-21 v7.01c Hypertext links for LaTeX

(C:\Users\Vinzenz Götz\Desktop\Uni\CFDStudienarbeit\Tex\miktex\texmfs\install\
tex/generic/ltxcmds\ltxcmds.sty
Package: ltxcmds 2020-05-10 v1.25 LaTeX kernel commands for general use (HO)
)
(C:\Users\Vinzenz Götz\Desktop\Uni\CFDStudienarbeit\Tex\miktex\texmfs\install\
tex/generic/iftex\iftex.sty
Package: iftex 2022/02/03 v1.0f TeX engine tests
)
(C:\Users\Vinzenz Götz\Desktop\Uni\CFDStudienarbeit\Tex\miktex\texmfs\install\
tex/generic/pdftexcmds\pdftexcmds.sty
Package: pdftexcmds 2020-06-27 v0.33 Utility functions of pdfTeX for LuaTeX (HO
)

(C:\Users\Vinzenz Götz\Desktop\Uni\CFDStudienarbeit\Tex\miktex\texmfs\install\
tex/generic/infwarerr\infwarerr.sty
Package: infwarerr 2019/12/03 v1.5 Providing info/warning/error messages (HO)
)
Package pdftexcmds Info: \pdf@primitive is available.
Package pdftexcmds Info: \pdf@ifprimitive is available.
Package pdftexcmds Info: \pdfdraftmode found.
)
(C:\Users\Vinzenz Götz\Desktop\Uni\CFDStudienarbeit\Tex\miktex\texmfs\install\
tex/latex/kvsetkeys\kvsetkeys.sty
Package: kvsetkeys 2022-10-05 v1.19 Key value parser (HO)
)
(C:\Users\Vinzenz Götz\Desktop\Uni\CFDStudienarbeit\Tex\miktex\texmfs\install\
tex/generic/kvdefinekeys\kvdefinekeys.sty
Package: kvdefinekeys 2019-12-19 v1.6 Define keys (HO)
)
(C:\Users\Vinzenz Götz\Desktop\Uni\CFDStudienarbeit\Tex\miktex\texmfs\install\
tex/generic/pdfescape\pdfescape.sty
Package: pdfescape 2019/12/09 v1.15 Implements pdfTeX's escape features (HO)
)
(C:\Users\Vinzenz Götz\Desktop\Uni\CFDStudienarbeit\Tex\miktex\texmfs\install\
tex/latex/hycolor\hycolor.sty
Package: hycolor 2020-01-27 v1.10 Color options for hyperref/bookmark (HO)
)
(C:\Users\Vinzenz Götz\Desktop\Uni\CFDStudienarbeit\Tex\miktex\texmfs\install\
tex/latex/letltxmacro\letltxmacro.sty
Package: letltxmacro 2019/12/03 v1.6 Let assignment for LaTeX macros (HO)
)
(C:\Users\Vinzenz Götz\Desktop\Uni\CFDStudienarbeit\Tex\miktex\texmfs\install\
tex/latex/auxhook\auxhook.sty
Package: auxhook 2019-12-17 v1.6 Hooks for auxiliary files (HO)
)
(C:\Users\Vinzenz Götz\Desktop\Uni\CFDStudienarbeit\Tex\miktex\texmfs\install\
tex/latex/hyperref\nameref.sty
Package: nameref 2023-10-05 v2.54 Cross-referencing by name of section

(C:\Users\Vinzenz Götz\Desktop\Uni\CFDStudienarbeit\Tex\miktex\texmfs\install\
tex/latex/refcount\refcount.sty
Package: refcount 2019/12/15 v3.6 Data extraction from label references (HO)
)
(C:\Users\Vinzenz Götz\Desktop\Uni\CFDStudienarbeit\Tex\miktex\texmfs\install\
tex/generic/gettitlestring\gettitlestring.sty
Package: gettitlestring 2019/12/15 v1.6 Cleanup title references (HO)

(C:\Users\Vinzenz Götz\Desktop\Uni\CFDStudienarbeit\Tex\miktex\texmfs\install\
tex/latex/kvoptions\kvoptions.sty
Package: kvoptions 2022-06-15 v3.15 Key value format for package options (HO)
))
\c@section@level=\count196
)
(C:\Users\Vinzenz Götz\Desktop\Uni\CFDStudienarbeit\Tex\miktex\texmfs\install\
tex/latex/etoolbox\etoolbox.sty
Package: etoolbox 2020/10/05 v2.5k e-TeX tools for LaTeX (JAW)
\etb@tempcnta=\count197
)
\@linkdim=\dimen141
\Hy@linkcounter=\count198
\Hy@pagecounter=\count199

(C:\Users\Vinzenz Götz\Desktop\Uni\CFDStudienarbeit\Tex\miktex\texmfs\install\
tex/latex/hyperref\pd1enc.def
File: pd1enc.def 2023-10-21 v7.01c Hyperref: PDFDocEncoding definition (HO)
Now handling font encoding PD1 ...
... no UTF-8 mapping file for font encoding PD1
)
(C:\Users\Vinzenz Götz\Desktop\Uni\CFDStudienarbeit\Tex\miktex\texmfs\install\
tex/generic/intcalc\intcalc.sty
Package: intcalc 2019/12/15 v1.3 Expandable calculations with integers (HO)
)
\Hy@SavedSpaceFactor=\count266

(C:\Users\Vinzenz Götz\Desktop\Uni\CFDStudienarbeit\Tex\miktex\texmfs\install\
tex/latex/hyperref\puenc.def
File: puenc.def 2023-10-21 v7.01c Hyperref: PDF Unicode definition (HO)
Now handling font encoding PU ...
... no UTF-8 mapping file for font encoding PU
)
Package hyperref Info: Option `raiselinks' set `false' on input line 4051.
Package hyperref Info: Option `bookmarks' set `true' on input line 4051.
Package hyperref Info: Option `bookmarksopen' set `true' on input line 4051.
Package hyperref Info: Option `bookmarksnumbered' set `true' on input line 4051
.
Package hyperref Info: Option `hyperindex' set `false' on input line 4051.
Package hyperref Info: Option `plainpages' set `false' on input line 4051.
Package hyperref Info: Option `pdfpagelabels' set `true' on input line 4051.
Package hyperref Info: Option `colorlinks' set `false' on input line 4051.
Package hyperref Info: Hyper figures OFF on input line 4168.
Package hyperref Info: Link nesting OFF on input line 4173.
Package hyperref Info: Hyper index OFF on input line 4178.
Package hyperref Info: Plain pages OFF on input line 4183.
Package hyperref Info: Backreferencing OFF on input line 4188.
Package hyperref Info: Implicit mode ON; LaTeX internals redefined.
Package hyperref Info: Bookmarks ON on input line 4435.
\c@Hy@tempcnt=\count267

(C:\Users\Vinzenz Götz\Desktop\Uni\CFDStudienarbeit\Tex\miktex\texmfs\install\
tex/latex/url\url.sty
\Urlmuskip=\muskip16
Package: url 2013/09/16  ver 3.4  Verb mode for urls, etc.
)
LaTeX Info: Redefining \url on input line 4773.
\XeTeXLinkMargin=\dimen142

(C:\Users\Vinzenz Götz\Desktop\Uni\CFDStudienarbeit\Tex\miktex\texmfs\install\
tex/generic/bitset\bitset.sty
Package: bitset 2019/12/09 v1.3 Handle bit-vector datatype (HO)

(C:\Users\Vinzenz Götz\Desktop\Uni\CFDStudienarbeit\Tex\miktex\texmfs\install\
tex/generic/bigintcalc\bigintcalc.sty
Package: bigintcalc 2019/12/15 v1.5 Expandable calculations on big integers (HO
)
))
\Fld@menulength=\count268
\Field@Width=\dimen143
\Fld@charsize=\dimen144
Package hyperref Info: Hyper figures OFF on input line 6052.
Package hyperref Info: Link nesting OFF on input line 6057.
Package hyperref Info: Hyper index OFF on input line 6062.
Package hyperref Info: backreferencing OFF on input line 6067.
Package hyperref Info: Link coloring OFF on input line 6072.
Package hyperref Info: Link coloring with OCG OFF on input line 6077.
Package hyperref Info: PDF/A mode OFF on input line 6082.

(C:\Users\Vinzenz Götz\Desktop\Uni\CFDStudienarbeit\Tex\miktex\texmfs\install\
tex/latex/base\atbegshi-ltx.sty
Package: atbegshi-ltx 2021/01/10 v1.0c Emulation of the original atbegshi
package with kernel methods
)
\Hy@abspage=\count269
\c@Item=\count270
\c@Hfootnote=\count271
)
Package hyperref Info: Driver (autodetected): hpdftex.

(C:\Users\Vinzenz Götz\Desktop\Uni\CFDStudienarbeit\Tex\miktex\texmfs\install\
tex/latex/hyperref\hpdftex.def
File: hpdftex.def 2023-10-21 v7.01c Hyperref driver for pdfTeX

(C:\Users\Vinzenz Götz\Desktop\Uni\CFDStudienarbeit\Tex\miktex\texmfs\install\
tex/latex/base\atveryend-ltx.sty
Package: atveryend-ltx 2020/08/19 v1.0a Emulation of the original atveryend pac
kage
with kernel methods
)
\Fld@listcount=\count272
\c@bookmark@seq@number=\count273

(C:\Users\Vinzenz Götz\Desktop\Uni\CFDStudienarbeit\Tex\miktex\texmfs\install\
tex/latex/rerunfilecheck\rerunfilecheck.sty
Package: rerunfilecheck 2022-07-10 v1.10 Rerun checks for auxiliary files (HO)

(C:\Users\Vinzenz Götz\Desktop\Uni\CFDStudienarbeit\Tex\miktex\texmfs\install\
tex/generic/uniquecounter\uniquecounter.sty
Package: uniquecounter 2019/12/15 v1.4 Provide unlimited unique counter (HO)
)
Package uniquecounter Info: New unique counter `rerunfilecheck' on input line 2
85.
)
\Hy@SectionHShift=\skip65
)
(C:\Users\Vinzenz Götz\Desktop\Uni\CFDStudienarbeit\Tex\miktex\texmfs\install\
tex/latex/base\fontenc.sty
Package: fontenc 2021/04/29 v2.0v Standard LaTeX package
)
(C:\Users\Vinzenz Götz\Desktop\Uni\CFDStudienarbeit\Tex\miktex\texmfs\install\
tex/latex/base\inputenc.sty
Package: inputenc 2021/02/14 v1.3d Input encoding file
\inpenc@prehook=\toks18
\inpenc@posthook=\toks19
)
(C:\Users\Vinzenz Götz\Desktop\Uni\CFDStudienarbeit\Tex\miktex\texmfs\install\
tex/latex/ae\ae.sty
Package: ae 2001/02/12 1.3 Almost European Computer Modern

(C:\Users\Vinzenz Götz\Desktop\Uni\CFDStudienarbeit\Tex\miktex\texmfs\install\
tex/latex/base\fontenc.sty
Package: fontenc 2021/04/29 v2.0v Standard LaTeX package
))
(C:\Users\Vinzenz Götz\Desktop\Uni\CFDStudienarbeit\Tex\miktex\texmfs\install\
tex/latex/graphics\graphicx.sty
Package: graphicx 2021/09/16 v1.2d Enhanced LaTeX Graphics (DPC,SPQR)

(C:\Users\Vinzenz Götz\Desktop\Uni\CFDStudienarbeit\Tex\miktex\texmfs\install\
tex/latex/graphics\graphics.sty
Package: graphics 2022/03/10 v1.4e Standard LaTeX Graphics (DPC,SPQR)

(C:\Users\Vinzenz Götz\Desktop\Uni\CFDStudienarbeit\Tex\miktex\texmfs\install\
tex/latex/graphics\trig.sty
Package: trig 2021/08/11 v1.11 sin cos tan (DPC)
)
(C:\Users\Vinzenz Götz\Desktop\Uni\CFDStudienarbeit\Tex\miktex\texmfs\install\
tex/latex/graphics-cfg\graphics.cfg
File: graphics.cfg 2016/06/04 v1.11 sample graphics configuration
)
Package graphics Info: Driver file: pdftex.def on input line 107.

(C:\Users\Vinzenz Götz\Desktop\Uni\CFDStudienarbeit\Tex\miktex\texmfs\install\
tex/latex/graphics-def\pdftex.def
File: pdftex.def 2022/09/22 v1.2b Graphics/color driver for pdftex
))
\Gin@req@height=\dimen145
\Gin@req@width=\dimen146
)
(C:\Users\Vinzenz Götz\Desktop\Uni\CFDStudienarbeit\Tex\miktex\texmfs\install\
tex/latex/vmargin\vmargin.sty
Package: vmargin 2004/07/15 V2.5 set document margins (VK)

Package: vmargin 2004/07/15 V2.5 set document margins (VK)
\PaperWidth=\dimen147
\PaperHeight=\dimen148
)

Class scrbook Warning: Usage of package `fancyhdr' together
(scrbook)              with a KOMA-Script class is not recommended.
(scrbook)              I'd suggest to use 
(scrbook)              package `scrlayer' or `scrlayer-scrpage', because
(scrbook)              they support KOMA-Script classes.
(scrbook)              With `fancyhdr' several features of class `scrbook'
(scrbook)              like options `headsepline', `footsepline' or command
(scrbook)              `\MakeMarkcase' and the commands `\setkomafont' and
(scrbook)              `\addtokomafont' for the page style elements need
(scrbook)              explicite user intervention to work.
(scrbook)              Nevertheless, using requested
(scrbook)              package `fancyhdr' on input line 46.


(C:\Users\Vinzenz Götz\Desktop\Uni\CFDStudienarbeit\Tex\miktex\texmfs\install\
tex/latex/fancyhdr\fancyhdr.sty
Package: fancyhdr 2022/11/09 v4.1 Extensive control of page headers and footers

\f@nch@headwidth=\skip66
\f@nch@O@elh=\skip67
\f@nch@O@erh=\skip68
\f@nch@O@olh=\skip69
\f@nch@O@orh=\skip70
\f@nch@O@elf=\skip71
\f@nch@O@erf=\skip72
\f@nch@O@olf=\skip73
\f@nch@O@orf=\skip74
)
(C:\Users\Vinzenz Götz\Desktop\Uni\CFDStudienarbeit\Tex\miktex\texmfs\install\
tex/latex/subfigure\subfigure.sty
Package: subfigure 2002/07/30 v2.1.4 subfigure package
\subfigtopskip=\skip75
\subfigcapskip=\skip76
\subfigcaptopadj=\dimen149
\subfigbottomskip=\skip77
\subfigcapmargin=\dimen150
\subfiglabelskip=\skip78
\c@subfigure=\count274
\c@lofdepth=\count275
\c@subtable=\count276
\c@lotdepth=\count277

****************************************
* Local config file subfigure.cfg used *
****************************************

(C:\Users\Vinzenz Götz\Desktop\Uni\CFDStudienarbeit\Tex\miktex\texmfs\install\
tex/latex/subfigure\subfigure.cfg)
\subfig@top=\skip79
\subfig@bottom=\skip80
)
(C:\Users\Vinzenz Götz\Desktop\Uni\CFDStudienarbeit\Tex\miktex\texmfs\install\
tex/latex/textpos\textpos.sty
Package: textpos 2022/07/23 v1.10.1
Package textpos Info: choosing support for LaTeX3 on input line 60.
\TP@textbox=\box53
\TP@holdbox=\box54
\TPHorizModule=\dimen151
\TPVertModule=\dimen152
\TP@margin=\dimen153
\TP@absmargin=\dimen154

Grid set 16 x 16 = 37.38425pt x 52.86877pt
\TPboxrulesize=\dimen155
\TP@ox=\dimen156
\TP@oy=\dimen157
\TP@tbargs=\toks20
TextBlockOrigin set to 0pt x 0pt
)
(C:\Users\Vinzenz Götz\Desktop\Uni\CFDStudienarbeit\Tex\miktex\texmfs\install\
tex/latex/pgf/frontendlayer\tikz.sty
(C:\Users\Vinzenz Götz\Desktop\Uni\CFDStudienarbeit\Tex\miktex\texmfs\install\
tex/latex/pgf/basiclayer\pgf.sty
(C:\Users\Vinzenz Götz\Desktop\Uni\CFDStudienarbeit\Tex\miktex\texmfs\install\
tex/latex/pgf/utilities\pgfrcs.sty
(C:\Users\Vinzenz Götz\Desktop\Uni\CFDStudienarbeit\Tex\miktex\texmfs\install\
tex/generic/pgf/utilities\pgfutil-common.tex
\pgfutil@everybye=\toks21
\pgfutil@tempdima=\dimen158
\pgfutil@tempdimb=\dimen159
)
(C:\Users\Vinzenz Götz\Desktop\Uni\CFDStudienarbeit\Tex\miktex\texmfs\install\
tex/generic/pgf/utilities\pgfutil-latex.def
\pgfutil@abb=\box55
)
(C:\Users\Vinzenz Götz\Desktop\Uni\CFDStudienarbeit\Tex\miktex\texmfs\install\
tex/generic/pgf/utilities\pgfrcs.code.tex
(C:\Users\Vinzenz Götz\Desktop\Uni\CFDStudienarbeit\Tex\miktex\texmfs\install\
tex/generic/pgf\pgf.revision.tex)
Package: pgfrcs 2023-01-15 v3.1.10 (3.1.10)
))
Package: pgf 2023-01-15 v3.1.10 (3.1.10)

(C:\Users\Vinzenz Götz\Desktop\Uni\CFDStudienarbeit\Tex\miktex\texmfs\install\
tex/latex/pgf/basiclayer\pgfcore.sty
(C:\Users\Vinzenz Götz\Desktop\Uni\CFDStudienarbeit\Tex\miktex\texmfs\install\
tex/latex/pgf/systemlayer\pgfsys.sty
(C:\Users\Vinzenz Götz\Desktop\Uni\CFDStudienarbeit\Tex\miktex\texmfs\install\
tex/generic/pgf/systemlayer\pgfsys.code.tex
Package: pgfsys 2023-01-15 v3.1.10 (3.1.10)

(C:\Users\Vinzenz Götz\Desktop\Uni\CFDStudienarbeit\Tex\miktex\texmfs\install\
tex/generic/pgf/utilities\pgfkeys.code.tex
\pgfkeys@pathtoks=\toks22
\pgfkeys@temptoks=\toks23

(C:\Users\Vinzenz Götz\Desktop\Uni\CFDStudienarbeit\Tex\miktex\texmfs\install\
tex/generic/pgf/utilities\pgfkeyslibraryfiltered.code.tex
\pgfkeys@tmptoks=\toks24
))
\pgf@x=\dimen160
\pgf@y=\dimen161
\pgf@xa=\dimen162
\pgf@ya=\dimen163
\pgf@xb=\dimen164
\pgf@yb=\dimen165
\pgf@xc=\dimen166
\pgf@yc=\dimen167
\pgf@xd=\dimen168
\pgf@yd=\dimen169
\w@pgf@writea=\write3
\r@pgf@reada=\read2
\c@pgf@counta=\count278
\c@pgf@countb=\count279
\c@pgf@countc=\count280
\c@pgf@countd=\count281
\t@pgf@toka=\toks25
\t@pgf@tokb=\toks26
\t@pgf@tokc=\toks27
\pgf@sys@id@count=\count282

(C:\Users\Vinzenz Götz\Desktop\Uni\CFDStudienarbeit\Tex\miktex\texmfs\install\
tex/generic/pgf/systemlayer\pgf.cfg
File: pgf.cfg 2023-01-15 v3.1.10 (3.1.10)
)
Driver file for pgf: pgfsys-pdftex.def

(C:\Users\Vinzenz Götz\Desktop\Uni\CFDStudienarbeit\Tex\miktex\texmfs\install\
tex/generic/pgf/systemlayer\pgfsys-pdftex.def
File: pgfsys-pdftex.def 2023-01-15 v3.1.10 (3.1.10)

(C:\Users\Vinzenz Götz\Desktop\Uni\CFDStudienarbeit\Tex\miktex\texmfs\install\
tex/generic/pgf/systemlayer\pgfsys-common-pdf.def
File: pgfsys-common-pdf.def 2023-01-15 v3.1.10 (3.1.10)
)))
(C:\Users\Vinzenz Götz\Desktop\Uni\CFDStudienarbeit\Tex\miktex\texmfs\install\
tex/generic/pgf/systemlayer\pgfsyssoftpath.code.tex
File: pgfsyssoftpath.code.tex 2023-01-15 v3.1.10 (3.1.10)
\pgfsyssoftpath@smallbuffer@items=\count283
\pgfsyssoftpath@bigbuffer@items=\count284
)
(C:\Users\Vinzenz Götz\Desktop\Uni\CFDStudienarbeit\Tex\miktex\texmfs\install\
tex/generic/pgf/systemlayer\pgfsysprotocol.code.tex
File: pgfsysprotocol.code.tex 2023-01-15 v3.1.10 (3.1.10)
))
(C:\Users\Vinzenz Götz\Desktop\Uni\CFDStudienarbeit\Tex\miktex\texmfs\install\
tex/latex/xcolor\xcolor.sty
Package: xcolor 2022/06/12 v2.14 LaTeX color extensions (UK)

(C:\Users\Vinzenz Götz\Desktop\Uni\CFDStudienarbeit\Tex\miktex\texmfs\install\
tex/latex/graphics-cfg\color.cfg
File: color.cfg 2016/01/02 v1.6 sample color configuration
)
Package xcolor Info: Driver file: pdftex.def on input line 227.

(C:\Users\Vinzenz Götz\Desktop\Uni\CFDStudienarbeit\Tex\miktex\texmfs\install\
tex/latex/graphics\mathcolor.ltx)
Package xcolor Info: Model `cmy' substituted by `cmy0' on input line 1353.
Package xcolor Info: Model `hsb' substituted by `rgb' on input line 1357.
Package xcolor Info: Model `RGB' extended on input line 1369.
Package xcolor Info: Model `HTML' substituted by `rgb' on input line 1371.
Package xcolor Info: Model `Hsb' substituted by `hsb' on input line 1372.
Package xcolor Info: Model `tHsb' substituted by `hsb' on input line 1373.
Package xcolor Info: Model `HSB' substituted by `hsb' on input line 1374.
Package xcolor Info: Model `Gray' substituted by `gray' on input line 1375.
Package xcolor Info: Model `wave' substituted by `hsb' on input line 1376.
)
(C:\Users\Vinzenz Götz\Desktop\Uni\CFDStudienarbeit\Tex\miktex\texmfs\install\
tex/generic/pgf/basiclayer\pgfcore.code.tex
Package: pgfcore 2023-01-15 v3.1.10 (3.1.10)

(C:\Users\Vinzenz Götz\Desktop\Uni\CFDStudienarbeit\Tex\miktex\texmfs\install\
tex/generic/pgf/math\pgfmath.code.tex
(C:\Users\Vinzenz Götz\Desktop\Uni\CFDStudienarbeit\Tex\miktex\texmfs\install\
tex/generic/pgf/math\pgfmathutil.code.tex)
(C:\Users\Vinzenz Götz\Desktop\Uni\CFDStudienarbeit\Tex\miktex\texmfs\install\
tex/generic/pgf/math\pgfmathparser.code.tex
\pgfmath@dimen=\dimen170
\pgfmath@count=\count285
\pgfmath@box=\box56
\pgfmath@toks=\toks28
\pgfmath@stack@operand=\toks29
\pgfmath@stack@operation=\toks30
)
(C:\Users\Vinzenz Götz\Desktop\Uni\CFDStudienarbeit\Tex\miktex\texmfs\install\
tex/generic/pgf/math\pgfmathfunctions.code.tex)
(C:\Users\Vinzenz Götz\Desktop\Uni\CFDStudienarbeit\Tex\miktex\texmfs\install\
tex/generic/pgf/math\pgfmathfunctions.basic.code.tex)
(C:\Users\Vinzenz Götz\Desktop\Uni\CFDStudienarbeit\Tex\miktex\texmfs\install\
tex/generic/pgf/math\pgfmathfunctions.trigonometric.code.tex)
(C:\Users\Vinzenz Götz\Desktop\Uni\CFDStudienarbeit\Tex\miktex\texmfs\install\
tex/generic/pgf/math\pgfmathfunctions.random.code.tex)
(C:\Users\Vinzenz Götz\Desktop\Uni\CFDStudienarbeit\Tex\miktex\texmfs\install\
tex/generic/pgf/math\pgfmathfunctions.comparison.code.tex)
(C:\Users\Vinzenz Götz\Desktop\Uni\CFDStudienarbeit\Tex\miktex\texmfs\install\
tex/generic/pgf/math\pgfmathfunctions.base.code.tex)
(C:\Users\Vinzenz Götz\Desktop\Uni\CFDStudienarbeit\Tex\miktex\texmfs\install\
tex/generic/pgf/math\pgfmathfunctions.round.code.tex)
(C:\Users\Vinzenz Götz\Desktop\Uni\CFDStudienarbeit\Tex\miktex\texmfs\install\
tex/generic/pgf/math\pgfmathfunctions.misc.code.tex)
(C:\Users\Vinzenz Götz\Desktop\Uni\CFDStudienarbeit\Tex\miktex\texmfs\install\
tex/generic/pgf/math\pgfmathfunctions.integerarithmetics.code.tex)
(C:\Users\Vinzenz Götz\Desktop\Uni\CFDStudienarbeit\Tex\miktex\texmfs\install\
tex/generic/pgf/math\pgfmathcalc.code.tex)
(C:\Users\Vinzenz Götz\Desktop\Uni\CFDStudienarbeit\Tex\miktex\texmfs\install\
tex/generic/pgf/math\pgfmathfloat.code.tex
\c@pgfmathroundto@lastzeros=\count286
))
(C:\Users\Vinzenz Götz\Desktop\Uni\CFDStudienarbeit\Tex\miktex\texmfs\install\
tex/generic/pgf/math\pgfint.code.tex)
(C:\Users\Vinzenz Götz\Desktop\Uni\CFDStudienarbeit\Tex\miktex\texmfs\install\
tex/generic/pgf/basiclayer\pgfcorepoints.code.tex
File: pgfcorepoints.code.tex 2023-01-15 v3.1.10 (3.1.10)
\pgf@picminx=\dimen171
\pgf@picmaxx=\dimen172
\pgf@picminy=\dimen173
\pgf@picmaxy=\dimen174
\pgf@pathminx=\dimen175
\pgf@pathmaxx=\dimen176
\pgf@pathminy=\dimen177
\pgf@pathmaxy=\dimen178
\pgf@xx=\dimen179
\pgf@xy=\dimen180
\pgf@yx=\dimen181
\pgf@yy=\dimen182
\pgf@zx=\dimen183
\pgf@zy=\dimen184
)
(C:\Users\Vinzenz Götz\Desktop\Uni\CFDStudienarbeit\Tex\miktex\texmfs\install\
tex/generic/pgf/basiclayer\pgfcorepathconstruct.code.tex
File: pgfcorepathconstruct.code.tex 2023-01-15 v3.1.10 (3.1.10)
\pgf@path@lastx=\dimen185
\pgf@path@lasty=\dimen186
)
(C:\Users\Vinzenz Götz\Desktop\Uni\CFDStudienarbeit\Tex\miktex\texmfs\install\
tex/generic/pgf/basiclayer\pgfcorepathusage.code.tex
File: pgfcorepathusage.code.tex 2023-01-15 v3.1.10 (3.1.10)
\pgf@shorten@end@additional=\dimen187
\pgf@shorten@start@additional=\dimen188
)
(C:\Users\Vinzenz Götz\Desktop\Uni\CFDStudienarbeit\Tex\miktex\texmfs\install\
tex/generic/pgf/basiclayer\pgfcorescopes.code.tex
File: pgfcorescopes.code.tex 2023-01-15 v3.1.10 (3.1.10)
\pgfpic=\box57
\pgf@hbox=\box58
\pgf@layerbox@main=\box59
\pgf@picture@serial@count=\count287
)
(C:\Users\Vinzenz Götz\Desktop\Uni\CFDStudienarbeit\Tex\miktex\texmfs\install\
tex/generic/pgf/basiclayer\pgfcoregraphicstate.code.tex
File: pgfcoregraphicstate.code.tex 2023-01-15 v3.1.10 (3.1.10)
\pgflinewidth=\dimen189
)
(C:\Users\Vinzenz Götz\Desktop\Uni\CFDStudienarbeit\Tex\miktex\texmfs\install\
tex/generic/pgf/basiclayer\pgfcoretransformations.code.tex
File: pgfcoretransformations.code.tex 2023-01-15 v3.1.10 (3.1.10)
\pgf@pt@x=\dimen190
\pgf@pt@y=\dimen191
\pgf@pt@temp=\dimen192
)
(C:\Users\Vinzenz Götz\Desktop\Uni\CFDStudienarbeit\Tex\miktex\texmfs\install\
tex/generic/pgf/basiclayer\pgfcorequick.code.tex
File: pgfcorequick.code.tex 2023-01-15 v3.1.10 (3.1.10)
)
(C:\Users\Vinzenz Götz\Desktop\Uni\CFDStudienarbeit\Tex\miktex\texmfs\install\
tex/generic/pgf/basiclayer\pgfcoreobjects.code.tex
File: pgfcoreobjects.code.tex 2023-01-15 v3.1.10 (3.1.10)
)
(C:\Users\Vinzenz Götz\Desktop\Uni\CFDStudienarbeit\Tex\miktex\texmfs\install\
tex/generic/pgf/basiclayer\pgfcorepathprocessing.code.tex
File: pgfcorepathprocessing.code.tex 2023-01-15 v3.1.10 (3.1.10)
)
(C:\Users\Vinzenz Götz\Desktop\Uni\CFDStudienarbeit\Tex\miktex\texmfs\install\
tex/generic/pgf/basiclayer\pgfcorearrows.code.tex
File: pgfcorearrows.code.tex 2023-01-15 v3.1.10 (3.1.10)
\pgfarrowsep=\dimen193
)
(C:\Users\Vinzenz Götz\Desktop\Uni\CFDStudienarbeit\Tex\miktex\texmfs\install\
tex/generic/pgf/basiclayer\pgfcoreshade.code.tex
File: pgfcoreshade.code.tex 2023-01-15 v3.1.10 (3.1.10)
\pgf@max=\dimen194
\pgf@sys@shading@range@num=\count288
\pgf@shadingcount=\count289
)
(C:\Users\Vinzenz Götz\Desktop\Uni\CFDStudienarbeit\Tex\miktex\texmfs\install\
tex/generic/pgf/basiclayer\pgfcoreimage.code.tex
File: pgfcoreimage.code.tex 2023-01-15 v3.1.10 (3.1.10)
)
(C:\Users\Vinzenz Götz\Desktop\Uni\CFDStudienarbeit\Tex\miktex\texmfs\install\
tex/generic/pgf/basiclayer\pgfcoreexternal.code.tex
File: pgfcoreexternal.code.tex 2023-01-15 v3.1.10 (3.1.10)
\pgfexternal@startupbox=\box60
)
(C:\Users\Vinzenz Götz\Desktop\Uni\CFDStudienarbeit\Tex\miktex\texmfs\install\
tex/generic/pgf/basiclayer\pgfcorelayers.code.tex
File: pgfcorelayers.code.tex 2023-01-15 v3.1.10 (3.1.10)
)
(C:\Users\Vinzenz Götz\Desktop\Uni\CFDStudienarbeit\Tex\miktex\texmfs\install\
tex/generic/pgf/basiclayer\pgfcoretransparency.code.tex
File: pgfcoretransparency.code.tex 2023-01-15 v3.1.10 (3.1.10)
)
(C:\Users\Vinzenz Götz\Desktop\Uni\CFDStudienarbeit\Tex\miktex\texmfs\install\
tex/generic/pgf/basiclayer\pgfcorepatterns.code.tex
File: pgfcorepatterns.code.tex 2023-01-15 v3.1.10 (3.1.10)
)
(C:\Users\Vinzenz Götz\Desktop\Uni\CFDStudienarbeit\Tex\miktex\texmfs\install\
tex/generic/pgf/basiclayer\pgfcorerdf.code.tex
File: pgfcorerdf.code.tex 2023-01-15 v3.1.10 (3.1.10)
)))
(C:\Users\Vinzenz Götz\Desktop\Uni\CFDStudienarbeit\Tex\miktex\texmfs\install\
tex/generic/pgf/modules\pgfmoduleshapes.code.tex
File: pgfmoduleshapes.code.tex 2023-01-15 v3.1.10 (3.1.10)
\pgfnodeparttextbox=\box61
)
(C:\Users\Vinzenz Götz\Desktop\Uni\CFDStudienarbeit\Tex\miktex\texmfs\install\
tex/generic/pgf/modules\pgfmoduleplot.code.tex
File: pgfmoduleplot.code.tex 2023-01-15 v3.1.10 (3.1.10)
)
(C:\Users\Vinzenz Götz\Desktop\Uni\CFDStudienarbeit\Tex\miktex\texmfs\install\
tex/latex/pgf/compatibility\pgfcomp-version-0-65.sty
Package: pgfcomp-version-0-65 2023-01-15 v3.1.10 (3.1.10)
\pgf@nodesepstart=\dimen195
\pgf@nodesepend=\dimen196
)
(C:\Users\Vinzenz Götz\Desktop\Uni\CFDStudienarbeit\Tex\miktex\texmfs\install\
tex/latex/pgf/compatibility\pgfcomp-version-1-18.sty
Package: pgfcomp-version-1-18 2023-01-15 v3.1.10 (3.1.10)
))
(C:\Users\Vinzenz Götz\Desktop\Uni\CFDStudienarbeit\Tex\miktex\texmfs\install\
tex/latex/pgf/utilities\pgffor.sty
(C:\Users\Vinzenz Götz\Desktop\Uni\CFDStudienarbeit\Tex\miktex\texmfs\install\
tex/latex/pgf/utilities\pgfkeys.sty
(C:\Users\Vinzenz Götz\Desktop\Uni\CFDStudienarbeit\Tex\miktex\texmfs\install\
tex/generic/pgf/utilities\pgfkeys.code.tex))
(C:\Users\Vinzenz Götz\Desktop\Uni\CFDStudienarbeit\Tex\miktex\texmfs\install\
tex/latex/pgf/math\pgfmath.sty
(C:\Users\Vinzenz Götz\Desktop\Uni\CFDStudienarbeit\Tex\miktex\texmfs\install\
tex/generic/pgf/math\pgfmath.code.tex))
(C:\Users\Vinzenz Götz\Desktop\Uni\CFDStudienarbeit\Tex\miktex\texmfs\install\
tex/generic/pgf/utilities\pgffor.code.tex
Package: pgffor 2023-01-15 v3.1.10 (3.1.10)
\pgffor@iter=\dimen197
\pgffor@skip=\dimen198
\pgffor@stack=\toks31
\pgffor@toks=\toks32
))
(C:\Users\Vinzenz Götz\Desktop\Uni\CFDStudienarbeit\Tex\miktex\texmfs\install\
tex/generic/pgf/frontendlayer/tikz\tikz.code.tex
Package: tikz 2023-01-15 v3.1.10 (3.1.10)

(C:\Users\Vinzenz Götz\Desktop\Uni\CFDStudienarbeit\Tex\miktex\texmfs\install\
tex/generic/pgf/libraries\pgflibraryplothandlers.code.tex
File: pgflibraryplothandlers.code.tex 2023-01-15 v3.1.10 (3.1.10)
\pgf@plot@mark@count=\count290
\pgfplotmarksize=\dimen199
)
\tikz@lastx=\dimen256
\tikz@lasty=\dimen257
\tikz@lastxsaved=\dimen258
\tikz@lastysaved=\dimen259
\tikz@lastmovetox=\dimen260
\tikz@lastmovetoy=\dimen261
\tikzleveldistance=\dimen262
\tikzsiblingdistance=\dimen263
\tikz@figbox=\box62
\tikz@figbox@bg=\box63
\tikz@tempbox=\box64
\tikz@tempbox@bg=\box65
\tikztreelevel=\count291
\tikznumberofchildren=\count292
\tikznumberofcurrentchild=\count293
\tikz@fig@count=\count294

(C:\Users\Vinzenz Götz\Desktop\Uni\CFDStudienarbeit\Tex\miktex\texmfs\install\
tex/generic/pgf/modules\pgfmodulematrix.code.tex
File: pgfmodulematrix.code.tex 2023-01-15 v3.1.10 (3.1.10)
\pgfmatrixcurrentrow=\count295
\pgfmatrixcurrentcolumn=\count296
\pgf@matrix@numberofcolumns=\count297
)
\tikz@expandcount=\count298

(C:\Users\Vinzenz Götz\Desktop\Uni\CFDStudienarbeit\Tex\miktex\texmfs\install\
tex/generic/pgf/frontendlayer/tikz/libraries\tikzlibrarytopaths.code.tex
File: tikzlibrarytopaths.code.tex 2023-01-15 v3.1.10 (3.1.10)
)))
(C:\Users\Vinzenz Götz\Desktop\Uni\CFDStudienarbeit\Tex\miktex\texmfs\install\
tex/latex/makecell\makecell.sty
Package: makecell 2009/08/03 V0.1e Managing of Tab Column Heads and Cells

(C:\Users\Vinzenz Götz\Desktop\Uni\CFDStudienarbeit\Tex\miktex\texmfs\install\
tex/latex/tools\array.sty
Package: array 2022/09/04 v2.5g Tabular extension package (FMi)
\col@sep=\dimen264
\ar@mcellbox=\box66
\extrarowheight=\dimen265
\NC@list=\toks33
\extratabsurround=\skip81
\backup@length=\skip82
\ar@cellbox=\box67
)
\rotheadsize=\dimen266
\c@nlinenum=\count299
\TeXr@lab=\toks34
)
(C:\Users\Vinzenz Götz\Desktop\Uni\CFDStudienarbeit\Tex\miktex\texmfs\install\
tex/latex/algorithms\algorithm.sty
Package: algorithm 2009/08/24 v0.1 Document Style `algorithm' - floating enviro
nment

(C:\Users\Vinzenz Götz\Desktop\Uni\CFDStudienarbeit\Tex\miktex\texmfs\install\
tex/latex/float\float.sty
Package: float 2001/11/08 v1.3d Float enhancements (AL)
\c@float@type=\count300
\float@exts=\toks35
\float@box=\box68
\@float@everytoks=\toks36
\@floatcapt=\box69
)
(C:\Users\Vinzenz Götz\Desktop\Uni\CFDStudienarbeit\Tex\miktex\texmfs\install\
tex/latex/base\ifthen.sty
Package: ifthen 2022/04/13 v1.1d Standard LaTeX ifthen package (DPC)
)
\@float@every@algorithm=\toks37
\c@algorithm=\count301
)
(C:\Users\Vinzenz Götz\Desktop\Uni\CFDStudienarbeit\Tex\miktex\texmfs\install\
tex/latex/algorithms\algorithmic.sty
Package: algorithmic 2009/08/24 v0.1 Document Style `algorithmic'
\c@ALC@unique=\count302
\c@ALC@line=\count303
\c@ALC@rem=\count304
\c@ALC@depth=\count305
\ALC@tlm=\skip83
\algorithmicindent=\skip84
)
(C:\Users\Vinzenz Götz\Desktop\Uni\CFDStudienarbeit\Tex\miktex\texmfs\install\
tex/latex/setspace\setspace.sty
Package: setspace 2022/12/04 v6.7b set line spacing
)
\chapnolen=\skip85
\chapparlen=\skip86
\chapno=\box70
)
(C:\Users\Vinzenz Götz\Desktop\Uni\CFDStudienarbeit\Tex\miktex\texmfs\install\
tex/latex/csquotes\csquotes.sty
Package: csquotes 2022-09-14 v5.2n context-sensitive quotations (JAW)
\csq@reset=\count306
\csq@gtype=\count307
\csq@glevel=\count308
\csq@qlevel=\count309
\csq@maxlvl=\count310
\csq@tshold=\count311
\csq@ltx@everypar=\toks38

(C:\Users\Vinzenz Götz\Desktop\Uni\CFDStudienarbeit\Tex\miktex\texmfs\install\
tex/latex/csquotes\csquotes.def
File: csquotes.def 2022-09-14 v5.2n csquotes generic definitions (JAW)
)
Package csquotes Info: Trying to load configuration file 'csquotes.cfg'...
Package csquotes Info: ... configuration file loaded successfully.

(C:\Users\Vinzenz Götz\Desktop\Uni\CFDStudienarbeit\Tex\miktex\texmfs\install\
tex/latex/csquotes\csquotes.cfg
File: csquotes.cfg 
))
(C:\Users\Vinzenz Götz\Desktop\Uni\CFDStudienarbeit\Tex\miktex\texmfs\install\
tex/latex/booktabs\booktabs.sty
Package: booktabs 2020/01/12 v1.61803398 Publication quality tables
\heavyrulewidth=\dimen267
\lightrulewidth=\dimen268
\cmidrulewidth=\dimen269
\belowrulesep=\dimen270
\belowbottomsep=\dimen271
\aboverulesep=\dimen272
\abovetopsep=\dimen273
\cmidrulesep=\dimen274
\cmidrulekern=\dimen275
\defaultaddspace=\dimen276
\@cmidla=\count312
\@cmidlb=\count313
\@aboverulesep=\dimen277
\@belowrulesep=\dimen278
\@thisruleclass=\count314
\@lastruleclass=\count315
\@thisrulewidth=\dimen279
)
(C:\Users\Vinzenz Götz\Desktop\Uni\CFDStudienarbeit\Tex\miktex\texmfs\install\
tex/latex/biblatex\biblatex.sty
Package: biblatex 2023/03/05 v3.19 programmable bibliographies (PK/MW)

(C:\Users\Vinzenz Götz\Desktop\Uni\CFDStudienarbeit\Tex\miktex\texmfs\install\
tex/latex/logreq\logreq.sty
Package: logreq 2010/08/04 v1.0 xml request logger
\lrq@indent=\count316

(C:\Users\Vinzenz Götz\Desktop\Uni\CFDStudienarbeit\Tex\miktex\texmfs\install\
tex/latex/logreq\logreq.def
File: logreq.def 2010/08/04 v1.0 logreq spec v1.0
))
\c@tabx@nest=\count317
\c@listtotal=\count318
\c@listcount=\count319
\c@liststart=\count320
\c@liststop=\count321
\c@citecount=\count322
\c@citetotal=\count323
\c@multicitecount=\count324
\c@multicitetotal=\count325
\c@instcount=\count326
\c@maxnames=\count327
\c@minnames=\count328
\c@maxitems=\count329
\c@minitems=\count330
\c@citecounter=\count331
\c@maxcitecounter=\count332
\c@savedcitecounter=\count333
\c@uniquelist=\count334
\c@uniquename=\count335
\c@refsection=\count336
\c@refsegment=\count337
\c@maxextratitle=\count338
\c@maxextratitleyear=\count339
\c@maxextraname=\count340
\c@maxextradate=\count341
\c@maxextraalpha=\count342
\c@abbrvpenalty=\count343
\c@highnamepenalty=\count344
\c@lownamepenalty=\count345
\c@maxparens=\count346
\c@parenlevel=\count347
\blx@tempcnta=\count348
\blx@tempcntb=\count349
\blx@tempcntc=\count350
\c@blx@maxsection=\count351
\blx@maxsegment@0=\count352
\blx@notetype=\count353
\blx@parenlevel@text=\count354
\blx@parenlevel@foot=\count355
\blx@sectionciteorder@0=\count356
\blx@sectionciteorderinternal@0=\count357
\blx@entrysetcounter=\count358
\blx@biblioinstance=\count359
\labelnumberwidth=\skip87
\labelalphawidth=\skip88
\biblabelsep=\skip89
\bibitemsep=\skip90
\bibnamesep=\skip91
\bibinitsep=\skip92
\bibparsep=\skip93
\bibhang=\skip94
\blx@bcfin=\read3
\blx@bcfout=\write4
\blx@langwohyphens=\language79
\c@mincomprange=\count360
\c@maxcomprange=\count361
\c@mincompwidth=\count362
Package biblatex Info: Trying to load biblatex default data model...
Package biblatex Info: ... file 'blx-dm.def' found.

(C:\Users\Vinzenz Götz\Desktop\Uni\CFDStudienarbeit\Tex\miktex\texmfs\install\
tex/latex/biblatex\blx-dm.def
File: blx-dm.def 2023/03/05 v3.19 biblatex localization (PK/MW)
)
Package biblatex Info: Trying to load biblatex style data model...
Package biblatex Info: ... file 'authoryear.dbx' not found.
Package biblatex Info: Trying to load biblatex custom data model...
Package biblatex Info: ... file 'biblatex-dm.cfg' not found.
\c@afterword=\count363
\c@savedafterword=\count364
\c@annotator=\count365
\c@savedannotator=\count366
\c@author=\count367
\c@savedauthor=\count368
\c@bookauthor=\count369
\c@savedbookauthor=\count370
\c@commentator=\count371
\c@savedcommentator=\count372
\c@editor=\count373
\c@savededitor=\count374
\c@editora=\count375
\c@savededitora=\count376
\c@editorb=\count377
\c@savededitorb=\count378
\c@editorc=\count379
\c@savededitorc=\count380
\c@foreword=\count381
\c@savedforeword=\count382
\c@holder=\count383
\c@savedholder=\count384
\c@introduction=\count385
\c@savedintroduction=\count386
\c@namea=\count387
\c@savednamea=\count388
\c@nameb=\count389
\c@savednameb=\count390
\c@namec=\count391
\c@savednamec=\count392
\c@translator=\count393
\c@savedtranslator=\count394
\c@shortauthor=\count395
\c@savedshortauthor=\count396
\c@shorteditor=\count397
\c@savedshorteditor=\count398
\c@labelname=\count399
\c@savedlabelname=\count400
\c@institution=\count401
\c@savedinstitution=\count402
\c@lista=\count403
\c@savedlista=\count404
\c@listb=\count405
\c@savedlistb=\count406
\c@listc=\count407
\c@savedlistc=\count408
\c@listd=\count409
\c@savedlistd=\count410
\c@liste=\count411
\c@savedliste=\count412
\c@listf=\count413
\c@savedlistf=\count414
\c@location=\count415
\c@savedlocation=\count416
\c@organization=\count417
\c@savedorganization=\count418
\c@origlocation=\count419
\c@savedoriglocation=\count420
\c@origpublisher=\count421
\c@savedorigpublisher=\count422
\c@publisher=\count423
\c@savedpublisher=\count424
\c@language=\count425
\c@savedlanguage=\count426
\c@origlanguage=\count427
\c@savedoriglanguage=\count428
\c@pageref=\count429
\c@savedpageref=\count430
\shorthandwidth=\skip95
\shortjournalwidth=\skip96
\shortserieswidth=\skip97
\shorttitlewidth=\skip98
\shortauthorwidth=\skip99
\shorteditorwidth=\skip100
\locallabelnumberwidth=\skip101
\locallabelalphawidth=\skip102
\localshorthandwidth=\skip103
\localshortjournalwidth=\skip104
\localshortserieswidth=\skip105
\localshorttitlewidth=\skip106
\localshortauthorwidth=\skip107
\localshorteditorwidth=\skip108
Package biblatex Info: Trying to load compatibility code...
Package biblatex Info: ... file 'blx-compat.def' found.

(C:\Users\Vinzenz Götz\Desktop\Uni\CFDStudienarbeit\Tex\miktex\texmfs\install\
tex/latex/biblatex\blx-compat.def
File: blx-compat.def 2023/03/05 v3.19 biblatex compatibility (PK/MW)
)
Package biblatex Info: Trying to load generic definitions...
Package biblatex Info: ... file 'biblatex.def' found.

(C:\Users\Vinzenz Götz\Desktop\Uni\CFDStudienarbeit\Tex\miktex\texmfs\install\
tex/latex/biblatex\biblatex.def
File: biblatex.def 2023/03/05 v3.19 biblatex compatibility (PK/MW)
\c@textcitecount=\count431
\c@textcitetotal=\count432
\c@textcitemaxnames=\count433
\c@biburlbigbreakpenalty=\count434
\c@biburlbreakpenalty=\count435
\c@biburlnumpenalty=\count436
\c@biburlucpenalty=\count437
\c@biburllcpenalty=\count438
\biburlbigskip=\muskip17
\biburlnumskip=\muskip18
\biburlucskip=\muskip19
\biburllcskip=\muskip20
\c@smartand=\count439
)
Package biblatex Info: Trying to load bibliography style 'authoryear'...
Package biblatex Info: ... file 'authoryear.bbx' found.

(C:\Users\Vinzenz Götz\Desktop\Uni\CFDStudienarbeit\Tex\miktex\texmfs\install\
tex/latex/biblatex/bbx\authoryear.bbx
File: authoryear.bbx 2023/03/05 v3.19 biblatex bibliography style (PK/MW)
Package biblatex Info: Trying to load bibliography style 'standard'...
Package biblatex Info: ... file 'standard.bbx' found.

(C:\Users\Vinzenz Götz\Desktop\Uni\CFDStudienarbeit\Tex\miktex\texmfs\install\
tex/latex/biblatex/bbx\standard.bbx
File: standard.bbx 2023/03/05 v3.19 biblatex bibliography style (PK/MW)
\c@bbx:relatedcount=\count440
\c@bbx:relatedtotal=\count441
))
Package biblatex Info: Trying to load citation style 'authoryear'...
Package biblatex Info: ... file 'authoryear.cbx' found.

(C:\Users\Vinzenz Götz\Desktop\Uni\CFDStudienarbeit\Tex\miktex\texmfs\install\
tex/latex/biblatex/cbx\authoryear.cbx
File: authoryear.cbx 2023/03/05 v3.19 biblatex citation style (PK/MW)
Package biblatex Info: Redefining '\cite'.
Package biblatex Info: Redefining '\parencite'.
Package biblatex Info: Redefining '\footcite'.
Package biblatex Info: Redefining '\footcitetext'.
Package biblatex Info: Redefining '\smartcite'.
Package biblatex Info: Redefining '\textcite'.
Package biblatex Info: Redefining '\textcites'.
)
Package biblatex Info: Trying to load configuration file...
Package biblatex Info: ... file 'biblatex.cfg' found.

(C:\Users\Vinzenz Götz\Desktop\Uni\CFDStudienarbeit\Tex\miktex\texmfs\install\
tex/latex/biblatex\biblatex.cfg
File: biblatex.cfg 
)
Package biblatex Info: Input encoding 'utf8' detected.
Package biblatex Info: Document encoding is UTF8 ....

(C:\Users\Vinzenz Götz\Desktop\Uni\CFDStudienarbeit\Tex\miktex\texmfs\install\
tex/latex/l3kernel\expl3.sty
Package: expl3 2023-10-23 L3 programming layer (loader) 

(C:\Users\Vinzenz Götz\Desktop\Uni\CFDStudienarbeit\Tex\miktex\texmfs\install\
tex/latex/l3backend\l3backend-pdftex.def
File: l3backend-pdftex.def 2023-10-23 L3 backend support: PDF output (pdfTeX)
\l__color_backend_stack_int=\count442
\l__pdf_internal_box=\box71
))
Package biblatex Info: ... and expl3
(biblatex)             2023-10-23 L3 programming layer (loader) 
(biblatex)             is new enough (at least 2020/04/06),
(biblatex)             setting 'casechanger=expl3'.

(C:\Users\Vinzenz Götz\Desktop\Uni\CFDStudienarbeit\Tex\miktex\texmfs\install\
tex/latex/biblatex\blx-case-expl3.sty
(C:\Users\Vinzenz Götz\Desktop\Uni\CFDStudienarbeit\Tex\miktex\texmfs\install\
tex/latex/l3packages/xparse\xparse.sty
Package: xparse 2023-10-10 L3 Experimental document command parser
)
Package: blx-case-expl3 2023/03/05 v3.19 expl3 case changing code for biblatex
))
(C:\Users\Vinzenz Götz\Desktop\Uni\CFDStudienarbeit\Tex\miktex\texmfs\install\
tex/latex/nomencl\nomencl.sty
Package: nomencl 2021/11/10 v5.6 Nomenclature package

(C:\Users\Vinzenz Götz\Desktop\Uni\CFDStudienarbeit\Tex\miktex\texmfs\install\
tex/latex/xkeyval\xkeyval.sty
Package: xkeyval 2022/06/16 v2.9 package option processing (HA)

(C:\Users\Vinzenz Götz\Desktop\Uni\CFDStudienarbeit\Tex\miktex\texmfs\install\
tex/generic/xkeyval\xkeyval.tex
(C:\Users\Vinzenz Götz\Desktop\Uni\CFDStudienarbeit\Tex\miktex\texmfs\install\
tex/generic/xkeyval\xkvutils.tex
\XKV@toks=\toks39
\XKV@tempa@toks=\toks40
)
\XKV@depth=\count443
File: xkeyval.tex 2014/12/03 v2.7a key=value parser (HA)
))
Package tocbasic Info: omitting babel extension for `nlo'
(tocbasic)             because of missing \bbl@set@language on input line 187.
Package tocbasic Info: omitting babel extension for `nls'
(tocbasic)             because of missing \bbl@set@language on input line 188.
\nomlabelwidth=\dimen280
\nom@tempdim=\dimen281
\nomitemsep=\skip109
)
(C:\Users\Vinzenz Götz\Desktop\Uni\CFDStudienarbeit\Tex\miktex\texmfs\install\
tex/latex/lm\lmodern.sty
Package: lmodern 2015/05/01 v1.6.1 Latin Modern Fonts
LaTeX Font Info:    Overwriting symbol font `operators' in version `normal'
(Font)                  OT1/cmr/m/n --> OT1/lmr/m/n on input line 22.
LaTeX Font Info:    Overwriting symbol font `letters' in version `normal'
(Font)                  OML/cmm/m/it --> OML/lmm/m/it on input line 23.
LaTeX Font Info:    Overwriting symbol font `symbols' in version `normal'
(Font)                  OMS/cmsy/m/n --> OMS/lmsy/m/n on input line 24.
LaTeX Font Info:    Overwriting symbol font `largesymbols' in version `normal'
(Font)                  OMX/cmex/m/n --> OMX/lmex/m/n on input line 25.
LaTeX Font Info:    Overwriting symbol font `operators' in version `bold'
(Font)                  OT1/cmr/bx/n --> OT1/lmr/bx/n on input line 26.
LaTeX Font Info:    Overwriting symbol font `letters' in version `bold'
(Font)                  OML/cmm/b/it --> OML/lmm/b/it on input line 27.
LaTeX Font Info:    Overwriting symbol font `symbols' in version `bold'
(Font)                  OMS/cmsy/b/n --> OMS/lmsy/b/n on input line 28.
LaTeX Font Info:    Overwriting symbol font `largesymbols' in version `bold'
(Font)                  OMX/cmex/m/n --> OMX/lmex/m/n on input line 29.
LaTeX Font Info:    Overwriting math alphabet `\mathbf' in version `normal'
(Font)                  OT1/cmr/bx/n --> OT1/lmr/bx/n on input line 31.
LaTeX Font Info:    Overwriting math alphabet `\mathsf' in version `normal'
(Font)                  OT1/cmss/m/n --> OT1/lmss/m/n on input line 32.
LaTeX Font Info:    Overwriting math alphabet `\mathit' in version `normal'
(Font)                  OT1/cmr/m/it --> OT1/lmr/m/it on input line 33.
LaTeX Font Info:    Overwriting math alphabet `\mathtt' in version `normal'
(Font)                  OT1/cmtt/m/n --> OT1/lmtt/m/n on input line 34.
LaTeX Font Info:    Overwriting math alphabet `\mathbf' in version `bold'
(Font)                  OT1/cmr/bx/n --> OT1/lmr/bx/n on input line 35.
LaTeX Font Info:    Overwriting math alphabet `\mathsf' in version `bold'
(Font)                  OT1/cmss/bx/n --> OT1/lmss/bx/n on input line 36.
LaTeX Font Info:    Overwriting math alphabet `\mathit' in version `bold'
(Font)                  OT1/cmr/bx/it --> OT1/lmr/bx/it on input line 37.
LaTeX Font Info:    Overwriting math alphabet `\mathtt' in version `bold'
(Font)                  OT1/cmtt/m/n --> OT1/lmtt/m/n on input line 38.
)
(C:\Users\Vinzenz Götz\Desktop\Uni\CFDStudienarbeit\Tex\miktex\texmfs\install\
tex/latex/listings\listings.sty
\lst@mode=\count444
\lst@gtempboxa=\box72
\lst@token=\toks41
\lst@length=\count445
\lst@currlwidth=\dimen282
\lst@column=\count446
\lst@pos=\count447
\lst@lostspace=\dimen283
\lst@width=\dimen284
\lst@newlines=\count448
\lst@lineno=\count449
\lst@maxwidth=\dimen285

(C:\Users\Vinzenz Götz\Desktop\Uni\CFDStudienarbeit\Tex\miktex\texmfs\install\
tex/latex/listings\lstmisc.sty
File: lstmisc.sty 2023/02/27 1.9 (Carsten Heinz)
\c@lstnumber=\count450
\lst@skipnumbers=\count451
\lst@framebox=\box73
)
(C:\Users\Vinzenz Götz\Desktop\Uni\CFDStudienarbeit\Tex\miktex\texmfs\install\
tex/latex/listings\listings.cfg
File: listings.cfg 2023/02/27 1.9 listings configuration
))
Package: listings 2023/02/27 1.9 (Carsten Heinz)

(C:\Users\Vinzenz Götz\Desktop\Uni\CFDStudienarbeit\Tex\miktex\texmfs\install\
tex/latex/chngcntr\chngcntr.sty
Package: chngcntr 2018/04/09 v1.1a change counter resetting
Package chngcntr Info: \counterwithout already defined.
(chngcntr)             Quitting chngcntr on input line 21.
)
(C:\Users\Vinzenz Götz\Desktop\Uni\CFDStudienarbeit\Tex\miktex\texmfs\install\
tex/latex/base\fontenc.sty
Package: fontenc 2021/04/29 v2.0v Standard LaTeX package
LaTeX Font Info:    Trying to load font information for T1+lmr on input line 11
2.

(C:\Users\Vinzenz Götz\Desktop\Uni\CFDStudienarbeit\Tex\miktex\texmfs\install\
tex/latex/lm\t1lmr.fd
File: t1lmr.fd 2015/05/01 v1.6.1 Font defs for Latin Modern
))
\@nomenclaturefile=\write5
\openout5 = `thesis.nlo'.

Package nomencl Info: Writing nomenclature file thesis.nlo on input line 68.

(C:\Users\Vinzenz Götz\Desktop\Uni\CFDStudienarbeit\Tex\miktex\texmfs\install\
tex/latex/ulem\ulem.sty
\UL@box=\box74
\UL@hyphenbox=\box75
\UL@skip=\skip110
\UL@hook=\toks42
\UL@height=\dimen286
\UL@pe=\count452
\UL@pixel=\dimen287
\ULC@box=\box76
Package: ulem 2019/11/18
\ULdepth=\dimen288
)
Package csquotes Info: Checking for multilingual support...
Package csquotes Info: ... none found.
 (thesis.aux (titlepage.aux) (text/content.aux))
\openout1 = `thesis.aux'.

LaTeX Font Info:    Checking defaults for OML/cmm/m/it on input line 124.
LaTeX Font Info:    ... okay on input line 124.
LaTeX Font Info:    Checking defaults for OMS/cmsy/m/n on input line 124.
LaTeX Font Info:    ... okay on input line 124.
LaTeX Font Info:    Checking defaults for OT1/cmr/m/n on input line 124.
LaTeX Font Info:    ... okay on input line 124.
LaTeX Font Info:    Checking defaults for T1/cmr/m/n on input line 124.
LaTeX Font Info:    ... okay on input line 124.
LaTeX Font Info:    Checking defaults for TS1/cmr/m/n on input line 124.
LaTeX Font Info:    ... okay on input line 124.
LaTeX Font Info:    Checking defaults for OMX/cmex/m/n on input line 124.
LaTeX Font Info:    ... okay on input line 124.
LaTeX Font Info:    Checking defaults for U/cmr/m/n on input line 124.
LaTeX Font Info:    ... okay on input line 124.
LaTeX Font Info:    Checking defaults for PD1/pdf/m/n on input line 124.
LaTeX Font Info:    ... okay on input line 124.
LaTeX Font Info:    Checking defaults for PU/pdf/m/n on input line 124.
LaTeX Font Info:    ... okay on input line 124.
Package scrbase Info: activating english \partname on input line 124.
Package scrbase Info: activating english \chaptername on input line 124.
Package scrbase Info: activating english \appendixname on input line 124.
Package scrbase Info: activating english \figurename on input line 124.
Package scrbase Info: activating english \tablename on input line 124.
Package scrbase Info: activating english \contentsname on input line 124.
Package scrbase Info: activating english \listfigurename on input line 124.
Package scrbase Info: activating english \listtablename on input line 124.
Package scrbase Info: activating english \bibname on input line 124.
Package scrbase Info: activating english \indexname on input line 124.
Package hyperref Info: Link coloring OFF on input line 124.

(thesis.out) (thesis.out)
\@outlinefile=\write6
\openout6 = `thesis.out'.

Class scrbook Info: loading recommended package `bookmark'.
(scrbook)           Using `bookmark' together with `hyperref' is recommended,
(scrbook)           because of handling of possible bookmark level gaps.
(scrbook)           You can avoid loading `bookmark' with KOMA-Script option
(scrbook)           `bookmarkpackage=false' before \begin{document} and
(scrbook)           you can avoid this message adding:
(scrbook)             \usepackage{bookmark}
(scrbook)           before \begin{document} on input line 124.

(C:\Users\Vinzenz Götz\Desktop\Uni\CFDStudienarbeit\Tex\miktex\texmfs\install\
tex/latex/bookmark\bookmark.sty
Package: bookmark 2020-11-06 v1.29 PDF bookmarks (HO)

(C:\Users\Vinzenz Götz\Desktop\Uni\CFDStudienarbeit\Tex\miktex\texmfs\install\
tex/latex/bookmark\bkm-pdftex.def
File: bkm-pdftex.def 2020-11-06 v1.29 bookmark driver for pdfTeX (HO)
\BKM@id=\count453
))
(C:\Users\Vinzenz Götz\Desktop\Uni\CFDStudienarbeit\Tex\miktex\texmfs\install\
tex/context/base/mkii\supp-pdf.mkii
[Loading MPS to PDF converter (version 2006.09.02).]
\scratchcounter=\count454
\scratchdimen=\dimen289
\scratchbox=\box77
\nofMPsegments=\count455
\nofMParguments=\count456
\everyMPshowfont=\toks43
\MPscratchCnt=\count457
\MPscratchDim=\dimen290
\MPnumerator=\count458
\makeMPintoPDFobject=\count459
\everyMPtoPDFconversion=\toks44
)
(C:\Users\Vinzenz Götz\Desktop\Uni\CFDStudienarbeit\Tex\miktex\texmfs\install\
tex/latex/epstopdf-pkg\epstopdf-base.sty
Package: epstopdf-base 2020-01-24 v2.11 Base part for package epstopdf

(C:\Users\Vinzenz Götz\Desktop\Uni\CFDStudienarbeit\Tex\miktex\texmfs\install\
tex/latex/grfext\grfext.sty
Package: grfext 2019/12/03 v1.3 Manage graphics extensions (HO)
)
Package epstopdf-base Info: Redefining graphics rule for `.eps' on input line 4
85.
Package grfext Info: Graphics extension search list:
(grfext)             [.pdf,.png,.jpg,.eps]
(grfext)             \AppendGraphicsExtensions on input line 504.

(C:\Users\Vinzenz Götz\Desktop\Uni\CFDStudienarbeit\Tex\miktex\texmfs\install\
tex/latex/00miktex\epstopdf-sys.cfg
File: epstopdf-sys.cfg 2021/03/18 v2.0 Configuration of epstopdf for MiKTeX
))
Package biblatex Info: Trying to load language 'english'...
Package biblatex Info: ... file 'english.lbx' found.

(C:\Users\Vinzenz Götz\Desktop\Uni\CFDStudienarbeit\Tex\miktex\texmfs\install\
tex/latex/biblatex/lbx\english.lbx
File: english.lbx 2023/03/05 v3.19 biblatex localization (PK/MW)
)
Package biblatex Info: Input encoding 'utf8' detected.
Package biblatex Info: Automatic encoding selection.
(biblatex)             Assuming data encoding 'utf8'.
\openout4 = `thesis.bcf'.

Package biblatex Info: Trying to load bibliographic data...
Package biblatex Info: ... file 'thesis.bbl' found.
 (thesis.bbl)
Package biblatex Info: Reference section=0 on input line 124.
Package biblatex Info: Reference segment=0 on input line 124.
\c@lstlisting=\count460
\openout2 = `titlepage.aux'.

 (titlepage.tex
<thi_logo_wb_RGB.jpg, id=6, 569.0058pt x 267.399pt>
File: thi_logo_wb_RGB.jpg Graphic file (type jpg)
<use thi_logo_wb_RGB.jpg>
Package pdftex.def Info: thi_logo_wb_RGB.jpg  used on input line 24.
(pdftex.def)             Requested size: 112.15387pt x 52.70361pt.
LaTeX Font Info:    Trying to load font information for T1+ppl on input line 28
.

(C:\Users\Vinzenz Götz\Desktop\Uni\CFDStudienarbeit\Tex\miktex\texmfs\install\
tex/latex/psnfss\t1ppl.fd
File: t1ppl.fd 2001/06/04 font definitions for T1/ppl.
)
LaTeX Font Info:    Trying to load font information for OT1+lmr on input line 4
8.

(C:\Users\Vinzenz Götz\Desktop\Uni\CFDStudienarbeit\Tex\miktex\texmfs\install\
tex/latex/lm\ot1lmr.fd
File: ot1lmr.fd 2015/05/01 v1.6.1 Font defs for Latin Modern
)
LaTeX Font Info:    Trying to load font information for OML+lmm on input line 4
8.

(C:\Users\Vinzenz Götz\Desktop\Uni\CFDStudienarbeit\Tex\miktex\texmfs\install\
tex/latex/lm\omllmm.fd
File: omllmm.fd 2015/05/01 v1.6.1 Font defs for Latin Modern
)
LaTeX Font Info:    Trying to load font information for OMS+lmsy on input line 
48.

(C:\Users\Vinzenz Götz\Desktop\Uni\CFDStudienarbeit\Tex\miktex\texmfs\install\
tex/latex/lm\omslmsy.fd
File: omslmsy.fd 2015/05/01 v1.6.1 Font defs for Latin Modern
)
LaTeX Font Info:    Trying to load font information for OMX+lmex on input line 
48.

(C:\Users\Vinzenz Götz\Desktop\Uni\CFDStudienarbeit\Tex\miktex\texmfs\install\
tex/latex/lm\omxlmex.fd
File: omxlmex.fd 2015/05/01 v1.6.1 Font defs for Latin Modern
)
LaTeX Font Info:    External font `lmex10' loaded for size
(Font)              <14.4> on input line 48.
LaTeX Font Info:    External font `lmex10' loaded for size
(Font)              <10> on input line 48.
LaTeX Font Info:    External font `lmex10' loaded for size
(Font)              <7> on input line 48.
 [1





{C:/Users/Vinzenz Götz/Desktop/Uni/CFDStudienarbeit/Tex/miktex/texmfs/data/fon
ts/map/pdftex/pdftex.map}{C:/Users/Vinzenz Götz/Desktop/Uni/CFDStudienarbeit/T
ex/miktex/texmfs/install/fonts/enc/dvips/base/8r.enc} <./thi_logo_wb_RGB.jpg>])


Class scrbook Warning: Redefinition of \@makeschapterhead detected.
(scrbook)              Note: KOMA-Script does use styles for commands like
(scrbook)              \chapter. Currently it internally still provides and
(scrbook)              uses \@makeschapterhead, but a completely different
(scrbook)              definition compared to the standard classes.
(scrbook)              So redefining or using internal \@makeschapterhead
(scrbook)              by users or package authors may already break
(scrbook)              KOMA-Script and will not work with a coming version,
(scrbook)              that will remove this deprecated code.

(thesis.toc
LaTeX Font Info:    Trying to load font information for T1+lmss on input line 1
.

(C:\Users\Vinzenz Götz\Desktop\Uni\CFDStudienarbeit\Tex\miktex\texmfs\install\
tex/latex/lm\t1lmss.fd
File: t1lmss.fd 2015/05/01 v1.6.1 Font defs for Latin Modern
)
LaTeX Font Info:    External font `lmex10' loaded for size
(Font)              <10.95> on input line 5.
LaTeX Font Info:    External font `lmex10' loaded for size
(Font)              <8> on input line 5.
LaTeX Font Info:    External font `lmex10' loaded for size
(Font)              <6> on input line 5.
)
\tf@toc=\write7
\openout7 = `thesis.toc'.


pdfTeX warning (ext4): destination with the same identifier (name{page.i}) has 
been already used, duplicate ignored
<to be read again> 
                   \relax 
l.147 \listoffigures
                     \addcontentsline{toc}{chapter}{Figures} [1



{C:/Users/Vinzenz Götz/Desktop/Uni/CFDStudienarbeit/Tex/miktex/texmfs/install/
fonts/enc/dvips/lm/lm-ec.enc}]

Class scrbook Warning: Redefinition of \@makeschapterhead detected.
(scrbook)              Note: KOMA-Script does use styles for commands like
(scrbook)              \chapter. Currently it internally still provides and
(scrbook)              uses \@makeschapterhead, but a completely different
(scrbook)              definition compared to the standard classes.
(scrbook)              So redefining or using internal \@makeschapterhead
(scrbook)              by users or package authors may already break
(scrbook)              KOMA-Script and will not work with a coming version,
(scrbook)              that will remove this deprecated code.

(thesis.lof)
\tf@lof=\write8
\openout8 = `thesis.lof'.

 [2

]

Class scrbook Warning: Redefinition of \@makeschapterhead detected.
(scrbook)              Note: KOMA-Script does use styles for commands like
(scrbook)              \chapter. Currently it internally still provides and
(scrbook)              uses \@makeschapterhead, but a completely different
(scrbook)              definition compared to the standard classes.
(scrbook)              So redefining or using internal \@makeschapterhead
(scrbook)              by users or package authors may already break
(scrbook)              KOMA-Script and will not work with a coming version,
(scrbook)              that will remove this deprecated code.

(thesis.lot)
\tf@lot=\write9
\openout9 = `thesis.lot'.

 (thesis.nls [3

]

Class scrbook Warning: Redefinition of \@makeschapterhead detected.
(scrbook)              Note: KOMA-Script does use styles for commands like
(scrbook)              \chapter. Currently it internally still provides and
(scrbook)              uses \@makeschapterhead, but a completely different
(scrbook)              definition compared to the standard classes.
(scrbook)              So redefining or using internal \@makeschapterhead
(scrbook)              by users or package authors may already break
(scrbook)              KOMA-Script and will not work with a coming version,
(scrbook)              that will remove this deprecated code.

) [4

]
\openout2 = `text/content.aux'.

 (text/content.tex
chapter 1.

Class scrbook Warning: \float@addtolists detected!
(scrbook)              Implementation of \float@addtolist became
(scrbook)              deprecated in KOMA-Script v3.01 2008/11/14 and
(scrbook)              has been replaced by several more flexible
(scrbook)              features of package `tocbasic`.
(scrbook)              Since Version 3.12 support for deprecated
(scrbook)              \float@addtolist interface has been
(scrbook)              restricted to only some of the KOMA-Script
(scrbook)              features and been removed from others.
(scrbook)              Loading of package `scrhack' may help to
(scrbook)              avoid this warning, if you are using a
(scrbook)              a package that still implements the
(scrbook)              deprecated \float@addtolist interface.


Class scrbook Warning: Redefinition of \@makechapterhead detected.
(scrbook)              Note: KOMA-Script does use styles for commands like
(scrbook)              \chapter. Currently it internally still provides and
(scrbook)              uses \@makechapterhead, but a completely different
(scrbook)              definition compared to the standard classes.
(scrbook)              So redefining or using internal \@makechapterhead
(scrbook)              by users or package authors may already break
(scrbook)              KOMA-Script and will not work with a coming version,
(scrbook)              that will remove this deprecated code.

LaTeX Font Info:    Trying to load font information for TS1+lmr on input line 2
0.

(C:\Users\Vinzenz Götz\Desktop\Uni\CFDStudienarbeit\Tex\miktex\texmfs\install\
tex/latex/lm\ts1lmr.fd
File: ts1lmr.fd 2015/05/01 v1.6.1 Font defs for Latin Modern
)
Underfull \hbox (badness 10000) in paragraph at lines 20--21

 []


Underfull \hbox (badness 10000) in paragraph at lines 21--22

 []


Underfull \hbox (badness 10000) in paragraph at lines 22--23

 []


LaTeX Warning: No positions in optional float specifier.
               Default added (so using `tbp') on input line 40.


Overfull \hbox (44.40027pt too wide) in paragraph at lines 43--54
 [][] 
 []

<figures/mode1.jpg, id=61, 1676.2625pt x 947.54pt>
File: figures/mode1.jpg Graphic file (type jpg)
<use figures/mode1.jpg>
Package pdftex.def Info: figures/mode1.jpg  used on input line 59.
(pdftex.def)             Requested size: 427.43153pt x 241.61227pt.
) [1



{C:/Users/Vinzenz Götz/Desktop/Uni/CFDStudienarbeit/Tex/miktex/texmfs/install/
fonts/enc/dvips/lm/lm-ts1.enc}
pdfTeX warning (ext4): destination with the same identifier (name{figure.1.1}) 
has been already used, duplicate ignored
<argument> ...shipout:D \box_use:N \l_shipout_box 
                                                  \__shipout_drop_firstpage_...
l.160 \include{text/content}
                             <./figures/mode1.jpg>] [2
pdfTeX warning (ext4): destination with the same identifier (name{table.1.1}) h
as been already used, duplicate ignored
<argument> ...shipout:D \box_use:N \l_shipout_box 
                                                  \__shipout_drop_firstpage_...
l.160 \include{text/content}
                            ]

Class scrbook Warning: Redefinition of \@makeschapterhead detected.
(scrbook)              Note: KOMA-Script does use styles for commands like
(scrbook)              \chapter. Currently it internally still provides and
(scrbook)              uses \@makeschapterhead, but a completely different
(scrbook)              definition compared to the standard classes.
(scrbook)              So redefining or using internal \@makeschapterhead
(scrbook)              by users or package authors may already break
(scrbook)              KOMA-Script and will not work with a coming version,
(scrbook)              that will remove this deprecated code.

[1




] (thesis.aux (titlepage.aux) (text/content.aux))
 ***********
LaTeX2e <2023-06-01> patch level 1
L3 programming layer <2023-10-23>
 ***********
Package rerunfilecheck Info: File `thesis.out' has not changed.
(rerunfilecheck)             Checksum: D41D8CD98F00B204E9800998ECF8427E;0.
Package logreq Info: Writing requests to 'thesis.run.xml'.
\openout1 = `thesis.run.xml'.

 ) 
Here is how much of TeX's memory you used:
 33629 strings out of 474717
 668277 string characters out of 5740830
 1936036 words of memory out of 5000000
 55107 multiletter control sequences out of 15000+600000
 625677 words of font info for 83 fonts, out of 8000000 for 9000
 1143 hyphenation exceptions out of 8191
 122i,15n,121p,10904b,1518s stack positions out of 10000i,1000n,20000p,200000b,200000s
<C:/Users/Vinzenz Götz/Desktop/Uni/CFDStudienarbeit/Tex/miktex/texmfs/instal
l/fonts/type1/public/lm/lmbx12.pfb><C:/Users/Vinzenz Götz/Desktop/Uni/CFDStudi
enarbeit/Tex/miktex/texmfs/install/fonts/type1/public/lm/lmr10.pfb><C:/Users/Vi
nzenz Götz/Desktop/Uni/CFDStudienarbeit/Tex/miktex/texmfs/install/fonts/type1/
public/lm/lmri10.pfb><C:/Users/Vinzenz Götz/Desktop/Uni/CFDStudienarbeit/Tex/m
iktex/texmfs/install/fonts/type1/public/lm/lmro10.pfb><C:/Users/Vinzenz Götz/D
esktop/Uni/CFDStudienarbeit/Tex/miktex/texmfs/install/fonts/type1/public/lm/lms
sbx10.pfb><C:/Users/Vinzenz Götz/Desktop/Uni/CFDStudienarbeit/Tex/miktex/texmf
s/install/fonts/type1/urw/palatino/uplb8a.pfb><C:/Users/Vinzenz Götz/Desktop/U
ni/CFDStudienarbeit/Tex/miktex/texmfs/install/fonts/type1/urw/palatino/uplr8a.p
fb>
Output written on thesis.pdf (8 pages, 733752 bytes).
PDF statistics:
 148 PDF objects out of 1000 (max. 8388607)
 21 named destinations out of 1000 (max. 500000)
 87 words of extra memory for PDF output out of 10000 (max. 10000000)

