2023-11-01 11:38:46,905+0100 INFO  miktex-makefmt - this process (12392) started by miktex in directory C:\Users\Vinzenz Götz\Desktop\Uni\Tex\Praktikumsbericht with command line: miktex-makefmt.exe --engine=pdftex --dest-name=pdflatex --no-dump pdflatex.ini --engine-option=-tcx=cp227.tcx --enable-installer --miktex-disable-maintenance --miktex-disable-diagnose
2023-11-01 11:38:46,905+0100 INFO  miktex-makefmt - running on Windows 10.0.19045
2023-11-01 11:38:46,968+0100 INFO  makefmt - found input file: C:\Users\Vinzenz Götz\Desktop\Uni\Tex\miktex\texmfs\install\tex\latex\00miktex\pdflatex.ini
2023-11-01 11:38:46,968+0100 INFO  makefmt - Creating the pdflatex format file...
2023-11-01 11:38:47,006+0100 INFO  makefmt - Running miktex-pdftex.exe...
2023-11-01 11:38:47,006+0100 INFO  makefmt - running: miktex-pdftex.exe --miktex-enable-installer --miktex-disable-maintenance --miktex-disable-diagnose --interaction=nonstopmode --initialize --halt-on-error --alias=pdflatex --job-name=pdflatex -tcx=cp227.tcx --enable-etex pdflatex.ini
2023-11-01 11:38:47,006+0100 INFO  miktex-makefmt.core - start process: miktex-pdftex.exe --miktex-enable-installer --miktex-disable-maintenance --miktex-disable-diagnose --interaction=nonstopmode --initialize --halt-on-error --alias=pdflatex --job-name=pdflatex -tcx=cp227.tcx --enable-etex pdflatex.ini
2023-11-01 11:39:00,310+0100 INFO  makefmt - Installing "C:\Users\Vinzenz Götz\Desktop\Uni\Tex\miktex\texmfs/data\miktex\log\makefmt\pdflatex\2023-11-01-11-38-46.log"...
2023-11-01 11:39:00,325+0100 INFO  makefmt - Installing "C:\Users\Vinzenz Götz\Desktop\Uni\Tex\miktex\texmfs/data\miktex/data/le/pdftex\pdflatex.fmt"...
2023-11-01 11:39:00,357+0100 INFO  miktex-makefmt - this process (12392) finishes with exit code 0
2023-11-01 11:39:00,357+0100 WARN  miktex-makefmt.core - still open: "C:\Users\Vinzenz Götz\Desktop\Uni\Tex\miktex\texmfs\install\tex/generic/config\pdftexconfig.tex.in"
2023-11-01 11:39:00,357+0100 WARN  miktex-makefmt.core - still open: "C:\Users\Vinzenz Götz\Desktop\Uni\Tex\miktex\texmfs/config\tex\generic\config\pdftexconfig.tex"
2023-11-01 19:55:04,344+0100 INFO  miktex-makefmt - this process (8860) started by miktex in directory C:\Users\Vinzenz Götz\Desktop\Uni\Aero\Studienarbeit_Aeroelastik_WS2023\TexDinge with command line: miktex-makefmt.exe --engine=pdftex --dest-name=pdflatex --no-dump pdflatex.ini --engine-option=-tcx=cp227.tcx --enable-installer --miktex-disable-maintenance --miktex-disable-diagnose
2023-11-01 19:55:04,345+0100 INFO  miktex-makefmt - running on Windows 10.0.19045
2023-11-01 19:55:04,382+0100 INFO  makefmt - found input file: C:\Users\Vinzenz Götz\Desktop\Uni\Tex\miktex\texmfs\install\tex\latex\00miktex\pdflatex.ini
2023-11-01 19:55:04,383+0100 INFO  makefmt - Creating the pdflatex format file...
2023-11-01 19:55:04,401+0100 INFO  makefmt - Running miktex-pdftex.exe...
2023-11-01 19:55:04,401+0100 INFO  makefmt - running: miktex-pdftex.exe --miktex-enable-installer --miktex-disable-maintenance --miktex-disable-diagnose --interaction=nonstopmode --initialize --halt-on-error --alias=pdflatex --job-name=pdflatex -tcx=cp227.tcx --enable-etex pdflatex.ini
2023-11-01 19:55:04,401+0100 INFO  miktex-makefmt.core - start process: miktex-pdftex.exe --miktex-enable-installer --miktex-disable-maintenance --miktex-disable-diagnose --interaction=nonstopmode --initialize --halt-on-error --alias=pdflatex --job-name=pdflatex -tcx=cp227.tcx --enable-etex pdflatex.ini
2023-11-01 19:55:15,479+0100 INFO  makefmt - Installing "C:\Users\Vinzenz Götz\Desktop\Uni\Tex\miktex\texmfs/data\miktex\log\makefmt\pdflatex\2023-11-01-19-55-04.log"...
2023-11-01 19:55:15,497+0100 INFO  makefmt - Installing "C:\Users\Vinzenz Götz\Desktop\Uni\Tex\miktex\texmfs/data\miktex/data/le/pdftex\pdflatex.fmt"...
2023-11-01 19:55:15,522+0100 INFO  miktex-makefmt - this process (8860) finishes with exit code 0
2023-11-01 19:55:15,522+0100 WARN  miktex-makefmt.core - still open: "C:\Users\Vinzenz Götz\Desktop\Uni\Tex\miktex\texmfs\install\tex/generic/config\pdftexconfig.tex.in"
2023-11-01 19:55:15,522+0100 WARN  miktex-makefmt.core - still open: "C:\Users\Vinzenz Götz\Desktop\Uni\Tex\miktex\texmfs/config\tex\generic\config\pdftexconfig.tex"
