2023-11-01 19:44:58,821+0100 INFO  main - starting: MiKTeX Console 4.9 (MiKTeX 23.10 Portable)
2023-11-01 19:44:58,836+0100 ERROR miktex-console.core - Something is wrong with the PATH:
2023-11-01 19:44:58,836+0100 ERROR miktex-console.core - C:\Program Files (x86)\Common Files\Oracle\Java\javapath;C:\Program Files (x86)\NVIDIA Corporation\PhysX\Common;c:\cygwin64\bin;C:\Program Files\Git\cmd;C:\Program Files\Microsoft SQL Server\Client SDK\ODBC\170\Tools\Binn\;C:\Program Files (x86)\Microsoft SQL Server\150\Tools\Binn\;C:\Program Files\Microsoft SQL Server\150\Tools\Binn\;C:\Program Files\Microsoft SQL Server\150\DTS\Binn\;C:\Program Files\Azure Data Studio\bin;C:\Program Files\Microsoft SQL Server\130\Tools\Binn\;C:\Program Files\dotnet\;C:\Program Files\MATLAB\R2021b\bin;C:\Users\Vinzenz Götz\AppData\Local\Programs\Python\Python311\Scripts\;C:\Users\Vinzenz Götz\AppData\Local\Programs\Python\Python311\;C:\Users\Vinzenz Götz\AppData\Local\Microsoft\WindowsApps;C:\Users\Vinzenz Götz\AppData\Local\GitHubDesktop\bin;C:\Program Files\Azure Data Studio\bin;C:\Users\Vinzenz Götz\.dotnet\tools;C:\Windows\System32;C:\msys;C:\msys\mingw64\bin;;C:\Users\Vinzenz Götz\AppData\Roaming\CoolProp
2023-11-01 19:45:00,582+0100 WARN  miktex-console.packagemanager - dependency problem: showframe is required by _miktex-latex-packages
2023-11-01 19:45:00,582+0100 WARN  miktex-console.packagemanager - dependency problem: thailatex is required by _miktex-latex-packages
2023-11-01 19:45:01,240+0100 INFO  miktex-console.core - start process: miktex fontmaps configure
2023-11-01 19:45:11,583+0100 INFO  mainwindow - checking for updates...
2023-11-01 19:45:11,593+0100 INFO  miktex-console.packagemanager - searching for updateable packages
2023-11-01 19:45:11,595+0100 INFO  miktex-console.packagemanager - going to download https://api2.miktex.org/hello
2023-11-01 19:45:11,832+0100 INFO  miktex-console.packagemanager - going to download https://api2.miktex.org/repositories?&releaseState=Stable&orderBy=ranking&take=1&onlySecure=true
2023-11-01 19:45:11,869+0100 INFO  mainwindow - downloading https://ctan.ebinger.cc/tex-archive/systems/win32/miktex/tm/packages/miktex-zzdb3-2.9.tar.lzma...
2023-11-01 19:45:11,883+0100 INFO  miktex-console.packagemanager - going to download https://ctan.ebinger.cc/tex-archive/systems/win32/miktex/tm/packages/miktex-zzdb3-2.9.tar.lzma
2023-11-01 19:45:12,315+0100 INFO  mainwindow - 1.69 MB, 31.37 Mbit/s
2023-11-01 19:45:14,833+0100 INFO  mainwindow - updating package manifests ("C:\Users\Vinzenz Götz\Desktop\Uni\Tex\miktex\texmfs\install\miktex/config\package-manifests.ini")...
2023-11-01 19:45:16,455+0100 INFO  mainwindow - installed 6700 package manifests
2023-11-01 19:45:16,455+0100 INFO  mainwindow - visiting repository https://ctan.ebinger.cc/tex-archive/systems/win32/miktex/tm/packages/...
2023-11-01 19:45:16,455+0100 INFO  mainwindow - repository type: remote package repository
2023-11-01 19:45:16,456+0100 INFO  mainwindow - loading package repository manifest...
2023-11-01 19:45:16,456+0100 INFO  mainwindow - downloading https://ctan.ebinger.cc/tex-archive/systems/win32/miktex/tm/packages/miktex-zzdb1-2.9.tar.lzma...
2023-11-01 19:45:16,457+0100 INFO  miktex-console.packagemanager - going to download https://ctan.ebinger.cc/tex-archive/systems/win32/miktex/tm/packages/miktex-zzdb1-2.9.tar.lzma
2023-11-01 19:45:16,586+0100 INFO  mainwindow - 0.34 MB, 20.82 Mbit/s
2023-11-01 19:45:17,908+0100 WARN  miktex-console.packagemanager - dependency problem: showframe is required by _miktex-latex-packages
2023-11-01 19:45:17,908+0100 WARN  miktex-console.packagemanager - dependency problem: thailatex is required by _miktex-latex-packages
2023-11-01 19:45:20,859+0100 INFO  mainwindow - package repository digest: 7ae35de309635e3151207c2fd0773e91
2023-11-01 19:45:29,822+0100 INFO  mainwindow - found 97 updates
2023-11-01 19:45:29,852+0100 ERROR miktex-console.core - Something is wrong with the PATH:
2023-11-01 19:45:29,852+0100 ERROR miktex-console.core - C:\Program Files (x86)\Common Files\Oracle\Java\javapath;C:\Program Files (x86)\NVIDIA Corporation\PhysX\Common;c:\cygwin64\bin;C:\Program Files\Git\cmd;C:\Program Files\Microsoft SQL Server\Client SDK\ODBC\170\Tools\Binn\;C:\Program Files (x86)\Microsoft SQL Server\150\Tools\Binn\;C:\Program Files\Microsoft SQL Server\150\Tools\Binn\;C:\Program Files\Microsoft SQL Server\150\DTS\Binn\;C:\Program Files\Azure Data Studio\bin;C:\Program Files\Microsoft SQL Server\130\Tools\Binn\;C:\Program Files\dotnet\;C:\Program Files\MATLAB\R2021b\bin;C:\Users\Vinzenz Götz\AppData\Local\Programs\Python\Python311\Scripts\;C:\Users\Vinzenz Götz\AppData\Local\Programs\Python\Python311\;C:\Users\Vinzenz Götz\AppData\Local\Microsoft\WindowsApps;C:\Users\Vinzenz Götz\AppData\Local\GitHubDesktop\bin;C:\Program Files\Azure Data Studio\bin;C:\Users\Vinzenz Götz\.dotnet\tools;C:\Windows\System32;C:\msys;C:\msys\mingw64\bin;;C:\Users\Vinzenz Götz\AppData\Roaming\CoolProp
2023-11-01 19:45:38,459+0100 INFO  mainwindow - installing updates...
2023-11-01 19:45:38,462+0100 INFO  miktex-console.packagemanager - going to download https://api2.miktex.org/repositories?&releaseState=Stable&orderBy=ranking&take=1&onlySecure=true
2023-11-01 19:45:38,632+0100 INFO  mainwindow - starting package maintenance...
2023-11-01 19:45:38,632+0100 INFO  mainwindow - installation directory: "C:\Users\Vinzenz Götz\Desktop\Uni\Tex\miktex\texmfs\install"
2023-11-01 19:45:38,632+0100 INFO  mainwindow - package repository: https://mirror.funkfreundelandshut.de/latex/systems/win32/miktex/tm/packages/
2023-11-01 19:45:38,977+0100 INFO  mainwindow - package repository digest: 7ae35de309635e3151207c2fd0773e91
2023-11-01 19:45:38,979+0100 INFO  mainwindow - going to download 25190109 bytes
2023-11-01 19:45:38,979+0100 INFO  mainwindow - going to install 9131 file(s) (97 package(s))
2023-11-01 19:45:39,889+0100 INFO  miktex-console.packagemanager - installing package babel
2023-11-01 19:45:39,890+0100 INFO  mainwindow - downloading https://mirror.funkfreundelandshut.de/latex/systems/win32/miktex/tm/packages/babel.tar.lzma...
2023-11-01 19:45:39,890+0100 INFO  miktex-console.packagemanager - going to download https://mirror.funkfreundelandshut.de/latex/systems/win32/miktex/tm/packages/babel.tar.lzma
2023-11-01 19:45:40,231+0100 INFO  mainwindow - 0.23 MB, 5.39 Mbit/s
2023-11-01 19:46:03,946+0100 INFO  mainwindow - extracting files from babel.tar.lzma...
2023-11-01 19:46:09,299+0100 INFO  miktex-console.packagemanager - installing package hyperref
2023-11-01 19:46:09,300+0100 INFO  mainwindow - downloading https://mirror.funkfreundelandshut.de/latex/systems/win32/miktex/tm/packages/hyperref.tar.lzma...
2023-11-01 19:46:09,300+0100 INFO  miktex-console.packagemanager - going to download https://mirror.funkfreundelandshut.de/latex/systems/win32/miktex/tm/packages/hyperref.tar.lzma
2023-11-01 19:46:09,574+0100 INFO  mainwindow - 0.09 MB, 2.67 Mbit/s
2023-11-01 19:46:09,647+0100 INFO  mainwindow - extracting files from hyperref.tar.lzma...
2023-11-01 19:46:09,781+0100 INFO  miktex-console.packagemanager - installing package l3backend
2023-11-01 19:46:09,782+0100 INFO  mainwindow - downloading https://mirror.funkfreundelandshut.de/latex/systems/win32/miktex/tm/packages/l3backend.tar.lzma...
2023-11-01 19:46:09,782+0100 INFO  miktex-console.packagemanager - going to download https://mirror.funkfreundelandshut.de/latex/systems/win32/miktex/tm/packages/l3backend.tar.lzma
2023-11-01 19:46:09,827+0100 INFO  mainwindow - 0.02 MB, 2.93 Mbit/s
2023-11-01 19:46:09,882+0100 INFO  mainwindow - extracting files from l3backend.tar.lzma...
2023-11-01 19:46:09,932+0100 INFO  miktex-console.packagemanager - installing package l3kernel
2023-11-01 19:46:09,933+0100 INFO  mainwindow - downloading https://mirror.funkfreundelandshut.de/latex/systems/win32/miktex/tm/packages/l3kernel.tar.lzma...
2023-11-01 19:46:09,933+0100 INFO  miktex-console.packagemanager - going to download https://mirror.funkfreundelandshut.de/latex/systems/win32/miktex/tm/packages/l3kernel.tar.lzma
2023-11-01 19:46:10,027+0100 INFO  mainwindow - 0.18 MB, 15.25 Mbit/s
2023-11-01 19:46:10,091+0100 INFO  mainwindow - extracting files from l3kernel.tar.lzma...
2023-11-01 19:46:10,224+0100 INFO  miktex-console.packagemanager - installing package l3packages
2023-11-01 19:46:10,225+0100 INFO  mainwindow - downloading https://mirror.funkfreundelandshut.de/latex/systems/win32/miktex/tm/packages/l3packages.tar.lzma...
2023-11-01 19:46:10,225+0100 INFO  miktex-console.packagemanager - going to download https://mirror.funkfreundelandshut.de/latex/systems/win32/miktex/tm/packages/l3packages.tar.lzma
2023-11-01 19:46:10,273+0100 INFO  mainwindow - 0.02 MB, 3.73 Mbit/s
2023-11-01 19:46:10,323+0100 INFO  mainwindow - extracting files from l3packages.tar.lzma...
2023-11-01 19:46:10,392+0100 INFO  miktex-console.packagemanager - installing package miktex-arctrl-bin-x64-2.9
2023-11-01 19:46:10,393+0100 INFO  mainwindow - downloading https://mirror.funkfreundelandshut.de/latex/systems/win32/miktex/tm/packages/miktex-arctrl-bin-x64-2.9.tar.lzma...
2023-11-01 19:46:10,393+0100 INFO  miktex-console.packagemanager - going to download https://mirror.funkfreundelandshut.de/latex/systems/win32/miktex/tm/packages/miktex-arctrl-bin-x64-2.9.tar.lzma
2023-11-01 19:46:10,446+0100 INFO  mainwindow - 0.04 MB, 5.65 Mbit/s
2023-11-01 19:46:10,475+0100 INFO  mainwindow - extracting files from miktex-arctrl-bin-x64-2.9.tar.lzma...
2023-11-01 19:46:10,513+0100 INFO  miktex-console.packagemanager - installing package miktex-asymptote-bin-x64-2.9
2023-11-01 19:46:10,514+0100 INFO  mainwindow - downloading https://mirror.funkfreundelandshut.de/latex/systems/win32/miktex/tm/packages/miktex-asymptote-bin-x64-2.9.tar.lzma...
2023-11-01 19:46:10,514+0100 INFO  miktex-console.packagemanager - going to download https://mirror.funkfreundelandshut.de/latex/systems/win32/miktex/tm/packages/miktex-asymptote-bin-x64-2.9.tar.lzma
2023-11-01 19:46:10,858+0100 INFO  mainwindow - 1.18 MB, 27.41 Mbit/s
2023-11-01 19:46:10,892+0100 INFO  mainwindow - extracting files from miktex-asymptote-bin-x64-2.9.tar.lzma...
2023-11-01 19:46:11,013+0100 INFO  miktex-console.packagemanager - installing package miktex-autosp-bin-x64-2.9
2023-11-01 19:46:11,014+0100 INFO  mainwindow - downloading https://mirror.funkfreundelandshut.de/latex/systems/win32/miktex/tm/packages/miktex-autosp-bin-x64-2.9.tar.lzma...
2023-11-01 19:46:11,014+0100 INFO  miktex-console.packagemanager - going to download https://mirror.funkfreundelandshut.de/latex/systems/win32/miktex/tm/packages/miktex-autosp-bin-x64-2.9.tar.lzma
2023-11-01 19:46:11,067+0100 INFO  mainwindow - 0.03 MB, 4.93 Mbit/s
2023-11-01 19:46:11,094+0100 INFO  mainwindow - extracting files from miktex-autosp-bin-x64-2.9.tar.lzma...
2023-11-01 19:46:11,131+0100 INFO  miktex-console.packagemanager - installing package miktex-axohelp-bin-x64-2.9
2023-11-01 19:46:11,132+0100 INFO  mainwindow - downloading https://mirror.funkfreundelandshut.de/latex/systems/win32/miktex/tm/packages/miktex-axohelp-bin-x64-2.9.tar.lzma...
2023-11-01 19:46:11,132+0100 INFO  miktex-console.packagemanager - going to download https://mirror.funkfreundelandshut.de/latex/systems/win32/miktex/tm/packages/miktex-axohelp-bin-x64-2.9.tar.lzma
2023-11-01 19:46:11,201+0100 INFO  mainwindow - 0.04 MB, 4.27 Mbit/s
2023-11-01 19:46:11,229+0100 INFO  mainwindow - extracting files from miktex-axohelp-bin-x64-2.9.tar.lzma...
2023-11-01 19:46:11,264+0100 INFO  miktex-console.packagemanager - installing package miktex-bibarts-bin-x64-2.9
2023-11-01 19:46:11,265+0100 INFO  mainwindow - downloading https://mirror.funkfreundelandshut.de/latex/systems/win32/miktex/tm/packages/miktex-bibarts-bin-x64-2.9.tar.lzma...
2023-11-01 19:46:11,265+0100 INFO  miktex-console.packagemanager - going to download https://mirror.funkfreundelandshut.de/latex/systems/win32/miktex/tm/packages/miktex-bibarts-bin-x64-2.9.tar.lzma
2023-11-01 19:46:11,354+0100 INFO  mainwindow - 0.07 MB, 6.13 Mbit/s
2023-11-01 19:46:11,374+0100 INFO  mainwindow - extracting files from miktex-bibarts-bin-x64-2.9.tar.lzma...
2023-11-01 19:46:11,399+0100 INFO  miktex-console.packagemanager - installing package miktex-bibtex-bin-x64-2.9
2023-11-01 19:46:11,400+0100 INFO  mainwindow - downloading https://mirror.funkfreundelandshut.de/latex/systems/win32/miktex/tm/packages/miktex-bibtex-bin-x64-2.9.tar.lzma...
2023-11-01 19:46:11,400+0100 INFO  miktex-console.packagemanager - going to download https://mirror.funkfreundelandshut.de/latex/systems/win32/miktex/tm/packages/miktex-bibtex-bin-x64-2.9.tar.lzma
2023-11-01 19:46:11,501+0100 INFO  mainwindow - 0.08 MB, 6.27 Mbit/s
2023-11-01 19:46:11,523+0100 INFO  mainwindow - extracting files from miktex-bibtex-bin-x64-2.9.tar.lzma...
2023-11-01 19:46:11,556+0100 INFO  miktex-console.packagemanager - installing package miktex-bibtex8bit-bin-x64-2.9
2023-11-01 19:46:11,557+0100 INFO  mainwindow - downloading https://mirror.funkfreundelandshut.de/latex/systems/win32/miktex/tm/packages/miktex-bibtex8bit-bin-x64-2.9.tar.lzma...
2023-11-01 19:46:11,557+0100 INFO  miktex-console.packagemanager - going to download https://mirror.funkfreundelandshut.de/latex/systems/win32/miktex/tm/packages/miktex-bibtex8bit-bin-x64-2.9.tar.lzma
2023-11-01 19:46:11,682+0100 INFO  mainwindow - 0.10 MB, 6.63 Mbit/s
2023-11-01 19:46:11,706+0100 INFO  mainwindow - extracting files from miktex-bibtex8bit-bin-x64-2.9.tar.lzma...
2023-11-01 19:46:11,734+0100 INFO  miktex-console.packagemanager - installing package miktex-bzip2-bin-x64-2.9
2023-11-01 19:46:11,736+0100 INFO  mainwindow - downloading https://mirror.funkfreundelandshut.de/latex/systems/win32/miktex/tm/packages/miktex-bzip2-bin-x64-2.9.tar.lzma...
2023-11-01 19:46:11,736+0100 INFO  miktex-console.packagemanager - going to download https://mirror.funkfreundelandshut.de/latex/systems/win32/miktex/tm/packages/miktex-bzip2-bin-x64-2.9.tar.lzma
2023-11-01 19:46:11,789+0100 INFO  mainwindow - 0.03 MB, 4.86 Mbit/s
2023-11-01 19:46:11,797+0100 ERROR miktex-console.core - Access is denied.

2023-11-01 19:46:11,797+0100 ERROR miktex-console.core - Function: DeleteFileW
2023-11-01 19:46:11,797+0100 ERROR miktex-console.core - Result: 5
2023-11-01 19:46:11,797+0100 ERROR miktex-console.core - Data: path="C:\Users\Vinzenz Götz\Desktop\Uni\Tex\miktex\texmfs\install\miktex\bin\x64\MiKTeX231000-bzip2.dll"
2023-11-01 19:46:11,797+0100 ERROR miktex-console.core - Source: Libraries\MiKTeX\Core\File\win\winFile.cpp:320
2023-11-01 19:46:11,810+0100 INFO  mainwindow - extracting files from miktex-bzip2-bin-x64-2.9.tar.lzma...
2023-11-01 19:46:11,863+0100 INFO  miktex-console.packagemanager - installing package miktex-cairo-bin-x64-2.9
2023-11-01 19:46:11,864+0100 INFO  mainwindow - downloading https://mirror.funkfreundelandshut.de/latex/systems/win32/miktex/tm/packages/miktex-cairo-bin-x64-2.9.tar.lzma...
2023-11-01 19:46:11,864+0100 INFO  miktex-console.packagemanager - going to download https://mirror.funkfreundelandshut.de/latex/systems/win32/miktex/tm/packages/miktex-cairo-bin-x64-2.9.tar.lzma
2023-11-01 19:46:12,159+0100 INFO  mainwindow - 0.40 MB, 10.80 Mbit/s
2023-11-01 19:46:12,182+0100 INFO  mainwindow - extracting files from miktex-cairo-bin-x64-2.9.tar.lzma...
2023-11-01 19:46:12,253+0100 INFO  miktex-console.packagemanager - installing package miktex-chktex-bin-x64-2.9
2023-11-01 19:46:12,254+0100 INFO  mainwindow - downloading https://mirror.funkfreundelandshut.de/latex/systems/win32/miktex/tm/packages/miktex-chktex-bin-x64-2.9.tar.lzma...
2023-11-01 19:46:12,254+0100 INFO  miktex-console.packagemanager - going to download https://mirror.funkfreundelandshut.de/latex/systems/win32/miktex/tm/packages/miktex-chktex-bin-x64-2.9.tar.lzma
2023-11-01 19:46:12,374+0100 INFO  mainwindow - 0.04 MB, 2.69 Mbit/s
2023-11-01 19:46:12,395+0100 INFO  mainwindow - extracting files from miktex-chktex-bin-x64-2.9.tar.lzma...
2023-11-01 19:46:12,423+0100 INFO  miktex-console.packagemanager - installing package miktex-cjkutils-bin-x64-2.9
2023-11-01 19:46:12,423+0100 INFO  mainwindow - downloading https://mirror.funkfreundelandshut.de/latex/systems/win32/miktex/tm/packages/miktex-cjkutils-bin-x64-2.9.tar.lzma...
2023-11-01 19:46:12,424+0100 INFO  miktex-console.packagemanager - going to download https://mirror.funkfreundelandshut.de/latex/systems/win32/miktex/tm/packages/miktex-cjkutils-bin-x64-2.9.tar.lzma
2023-11-01 19:46:12,820+0100 INFO  mainwindow - 0.06 MB, 1.20 Mbit/s
2023-11-01 19:46:12,862+0100 INFO  mainwindow - extracting files from miktex-cjkutils-bin-x64-2.9.tar.lzma...
2023-11-01 19:46:12,931+0100 INFO  miktex-console.packagemanager - installing package miktex-console-bin-x64-2.9
2023-11-01 19:46:12,932+0100 INFO  mainwindow - downloading https://mirror.funkfreundelandshut.de/latex/systems/win32/miktex/tm/packages/miktex-console-bin-x64-2.9.tar.lzma...
2023-11-01 19:46:12,932+0100 INFO  miktex-console.packagemanager - going to download https://mirror.funkfreundelandshut.de/latex/systems/win32/miktex/tm/packages/miktex-console-bin-x64-2.9.tar.lzma
2023-11-01 19:46:13,212+0100 INFO  mainwindow - 0.27 MB, 7.82 Mbit/s
2023-11-01 19:46:13,222+0100 ERROR miktex-console.core - Access is denied.

2023-11-01 19:46:13,222+0100 ERROR miktex-console.core - Function: DeleteFileW
2023-11-01 19:46:13,223+0100 ERROR miktex-console.core - Result: 5
2023-11-01 19:46:13,223+0100 ERROR miktex-console.core - Data: path="C:\Users\Vinzenz Götz\Desktop\Uni\Tex\miktex\texmfs\install\miktex\bin\x64\miktex-console.exe"
2023-11-01 19:46:13,223+0100 ERROR miktex-console.core - Source: Libraries\MiKTeX\Core\File\win\winFile.cpp:320
2023-11-01 19:46:13,244+0100 INFO  mainwindow - extracting files from miktex-console-bin-x64-2.9.tar.lzma...
2023-11-01 19:46:13,290+0100 INFO  miktex-console.packagemanager - installing package miktex-curl-bin-x64-2.9
2023-11-01 19:46:13,290+0100 INFO  mainwindow - downloading https://mirror.funkfreundelandshut.de/latex/systems/win32/miktex/tm/packages/miktex-curl-bin-x64-2.9.tar.lzma...
2023-11-01 19:46:13,290+0100 INFO  miktex-console.packagemanager - going to download https://mirror.funkfreundelandshut.de/latex/systems/win32/miktex/tm/packages/miktex-curl-bin-x64-2.9.tar.lzma
2023-11-01 19:46:13,450+0100 INFO  mainwindow - 0.24 MB, 12.08 Mbit/s
2023-11-01 19:46:13,471+0100 ERROR miktex-console.core - Access is denied.

2023-11-01 19:46:13,471+0100 ERROR miktex-console.core - Function: DeleteFileW
2023-11-01 19:46:13,471+0100 ERROR miktex-console.core - Result: 5
2023-11-01 19:46:13,471+0100 ERROR miktex-console.core - Data: path="C:\Users\Vinzenz Götz\Desktop\Uni\Tex\miktex\texmfs\install\miktex\bin\x64\MiKTeX231000-curl.dll"
2023-11-01 19:46:13,471+0100 ERROR miktex-console.core - Source: Libraries\MiKTeX\Core\File\win\winFile.cpp:320
2023-11-01 19:46:13,507+0100 INFO  mainwindow - extracting files from miktex-curl-bin-x64-2.9.tar.lzma...
2023-11-01 19:46:13,602+0100 INFO  miktex-console.packagemanager - installing package miktex-cweb-bin-x64-2.9
2023-11-01 19:46:13,604+0100 INFO  mainwindow - downloading https://mirror.funkfreundelandshut.de/latex/systems/win32/miktex/tm/packages/miktex-cweb-bin-x64-2.9.tar.lzma...
2023-11-01 19:46:13,604+0100 INFO  miktex-console.packagemanager - going to download https://mirror.funkfreundelandshut.de/latex/systems/win32/miktex/tm/packages/miktex-cweb-bin-x64-2.9.tar.lzma
2023-11-01 19:46:13,699+0100 INFO  mainwindow - 0.11 MB, 9.08 Mbit/s
2023-11-01 19:46:13,744+0100 INFO  mainwindow - extracting files from miktex-cweb-bin-x64-2.9.tar.lzma...
2023-11-01 19:46:13,828+0100 INFO  miktex-console.packagemanager - installing package miktex-devnag-bin-x64-2.9
2023-11-01 19:46:13,829+0100 INFO  mainwindow - downloading https://mirror.funkfreundelandshut.de/latex/systems/win32/miktex/tm/packages/miktex-devnag-bin-x64-2.9.tar.lzma...
2023-11-01 19:46:13,829+0100 INFO  miktex-console.packagemanager - going to download https://mirror.funkfreundelandshut.de/latex/systems/win32/miktex/tm/packages/miktex-devnag-bin-x64-2.9.tar.lzma
2023-11-01 19:46:13,872+0100 INFO  mainwindow - 0.03 MB, 4.88 Mbit/s
2023-11-01 19:46:13,892+0100 INFO  mainwindow - extracting files from miktex-devnag-bin-x64-2.9.tar.lzma...
2023-11-01 19:46:13,915+0100 INFO  miktex-console.packagemanager - installing package miktex-doc
2023-11-01 19:46:13,915+0100 INFO  mainwindow - downloading https://mirror.funkfreundelandshut.de/latex/systems/win32/miktex/tm/packages/miktex-doc.tar.lzma...
2023-11-01 19:46:13,915+0100 INFO  miktex-console.packagemanager - going to download https://mirror.funkfreundelandshut.de/latex/systems/win32/miktex/tm/packages/miktex-doc.tar.lzma
2023-11-01 19:46:14,291+0100 INFO  mainwindow - 0.47 MB, 10.13 Mbit/s
2023-11-01 19:46:14,596+0100 INFO  mainwindow - extracting files from miktex-doc.tar.lzma...
2023-11-01 19:46:15,054+0100 INFO  miktex-console.packagemanager - installing package miktex-dvicopy-bin-x64-2.9
2023-11-01 19:46:15,055+0100 INFO  mainwindow - downloading https://mirror.funkfreundelandshut.de/latex/systems/win32/miktex/tm/packages/miktex-dvicopy-bin-x64-2.9.tar.lzma...
2023-11-01 19:46:15,055+0100 INFO  miktex-console.packagemanager - going to download https://mirror.funkfreundelandshut.de/latex/systems/win32/miktex/tm/packages/miktex-dvicopy-bin-x64-2.9.tar.lzma
2023-11-01 19:46:15,121+0100 INFO  mainwindow - 0.05 MB, 6.67 Mbit/s
2023-11-01 19:46:15,142+0100 INFO  mainwindow - extracting files from miktex-dvicopy-bin-x64-2.9.tar.lzma...
2023-11-01 19:46:15,173+0100 INFO  miktex-console.packagemanager - installing package miktex-dvipdfmx-bin-x64-2.9
2023-11-01 19:46:15,174+0100 INFO  mainwindow - downloading https://mirror.funkfreundelandshut.de/latex/systems/win32/miktex/tm/packages/miktex-dvipdfmx-bin-x64-2.9.tar.lzma...
2023-11-01 19:46:15,174+0100 INFO  miktex-console.packagemanager - going to download https://mirror.funkfreundelandshut.de/latex/systems/win32/miktex/tm/packages/miktex-dvipdfmx-bin-x64-2.9.tar.lzma
2023-11-01 19:46:15,308+0100 INFO  mainwindow - 0.33 MB, 19.85 Mbit/s
2023-11-01 19:46:15,335+0100 INFO  mainwindow - extracting files from miktex-dvipdfmx-bin-x64-2.9.tar.lzma...
2023-11-01 19:46:15,385+0100 INFO  miktex-console.packagemanager - installing package miktex-dvipng-bin-x64-2.9
2023-11-01 19:46:15,386+0100 INFO  mainwindow - downloading https://mirror.funkfreundelandshut.de/latex/systems/win32/miktex/tm/packages/miktex-dvipng-bin-x64-2.9.tar.lzma...
2023-11-01 19:46:15,387+0100 INFO  miktex-console.packagemanager - going to download https://mirror.funkfreundelandshut.de/latex/systems/win32/miktex/tm/packages/miktex-dvipng-bin-x64-2.9.tar.lzma
2023-11-01 19:46:15,699+0100 INFO  mainwindow - 0.05 MB, 1.22 Mbit/s
2023-11-01 19:46:15,729+0100 INFO  mainwindow - extracting files from miktex-dvipng-bin-x64-2.9.tar.lzma...
2023-11-01 19:46:15,759+0100 INFO  miktex-console.packagemanager - installing package miktex-dvips-bin-x64-2.9
2023-11-01 19:46:15,759+0100 INFO  mainwindow - downloading https://mirror.funkfreundelandshut.de/latex/systems/win32/miktex/tm/packages/miktex-dvips-bin-x64-2.9.tar.lzma...
2023-11-01 19:46:15,759+0100 INFO  miktex-console.packagemanager - going to download https://mirror.funkfreundelandshut.de/latex/systems/win32/miktex/tm/packages/miktex-dvips-bin-x64-2.9.tar.lzma
2023-11-01 19:46:15,879+0100 INFO  mainwindow - 0.14 MB, 9.25 Mbit/s
2023-11-01 19:46:15,904+0100 INFO  mainwindow - extracting files from miktex-dvips-bin-x64-2.9.tar.lzma...
2023-11-01 19:46:16,308+0100 INFO  miktex-console.packagemanager - installing package miktex-dvisvgm-bin-x64-2.9
2023-11-01 19:46:16,309+0100 INFO  mainwindow - downloading https://mirror.funkfreundelandshut.de/latex/systems/win32/miktex/tm/packages/miktex-dvisvgm-bin-x64-2.9.tar.lzma...
2023-11-01 19:46:16,309+0100 INFO  miktex-console.packagemanager - going to download https://mirror.funkfreundelandshut.de/latex/systems/win32/miktex/tm/packages/miktex-dvisvgm-bin-x64-2.9.tar.lzma
2023-11-01 19:46:17,118+0100 INFO  mainwindow - 1.44 MB, 14.23 Mbit/s
2023-11-01 19:46:17,142+0100 INFO  mainwindow - extracting files from miktex-dvisvgm-bin-x64-2.9.tar.lzma...
2023-11-01 19:46:17,276+0100 INFO  miktex-console.packagemanager - installing package miktex-epstopdf-bin-x64-2.9
2023-11-01 19:46:17,277+0100 INFO  mainwindow - downloading https://mirror.funkfreundelandshut.de/latex/systems/win32/miktex/tm/packages/miktex-epstopdf-bin-x64-2.9.tar.lzma...
2023-11-01 19:46:17,277+0100 INFO  miktex-console.packagemanager - going to download https://mirror.funkfreundelandshut.de/latex/systems/win32/miktex/tm/packages/miktex-epstopdf-bin-x64-2.9.tar.lzma
2023-11-01 19:46:17,389+0100 INFO  mainwindow - 0.10 MB, 7.54 Mbit/s
2023-11-01 19:46:17,411+0100 INFO  mainwindow - extracting files from miktex-epstopdf-bin-x64-2.9.tar.lzma...
2023-11-01 19:46:17,440+0100 INFO  miktex-console.packagemanager - installing package miktex-expat-bin-x64-2.9
2023-11-01 19:46:17,441+0100 INFO  mainwindow - downloading https://mirror.funkfreundelandshut.de/latex/systems/win32/miktex/tm/packages/miktex-expat-bin-x64-2.9.tar.lzma...
2023-11-01 19:46:17,441+0100 INFO  miktex-console.packagemanager - going to download https://mirror.funkfreundelandshut.de/latex/systems/win32/miktex/tm/packages/miktex-expat-bin-x64-2.9.tar.lzma
2023-11-01 19:46:17,539+0100 INFO  mainwindow - 0.05 MB, 4.10 Mbit/s
2023-11-01 19:46:17,548+0100 ERROR miktex-console.core - Access is denied.

2023-11-01 19:46:17,548+0100 ERROR miktex-console.core - Function: DeleteFileW
2023-11-01 19:46:17,548+0100 ERROR miktex-console.core - Result: 5
2023-11-01 19:46:17,548+0100 ERROR miktex-console.core - Data: path="C:\Users\Vinzenz Götz\Desktop\Uni\Tex\miktex\texmfs\install\miktex\bin\x64\MiKTeX231000-expat.dll"
2023-11-01 19:46:17,548+0100 ERROR miktex-console.core - Source: Libraries\MiKTeX\Core\File\win\winFile.cpp:320
2023-11-01 19:46:17,563+0100 INFO  mainwindow - extracting files from miktex-expat-bin-x64-2.9.tar.lzma...
2023-11-01 19:46:17,610+0100 INFO  miktex-console.packagemanager - installing package miktex-findtexmf-bin-x64-2.9
2023-11-01 19:46:17,610+0100 INFO  mainwindow - downloading https://mirror.funkfreundelandshut.de/latex/systems/win32/miktex/tm/packages/miktex-findtexmf-bin-x64-2.9.tar.lzma...
2023-11-01 19:46:17,610+0100 INFO  miktex-console.packagemanager - going to download https://mirror.funkfreundelandshut.de/latex/systems/win32/miktex/tm/packages/miktex-findtexmf-bin-x64-2.9.tar.lzma
2023-11-01 19:46:18,310+0100 INFO  mainwindow - 0.03 MB, 0.33 Mbit/s
2023-11-01 19:46:18,339+0100 INFO  mainwindow - extracting files from miktex-findtexmf-bin-x64-2.9.tar.lzma...
2023-11-01 19:46:18,379+0100 INFO  miktex-console.packagemanager - installing package miktex-fmt-bin-x64-2.9
2023-11-01 19:46:18,380+0100 INFO  mainwindow - downloading https://mirror.funkfreundelandshut.de/latex/systems/win32/miktex/tm/packages/miktex-fmt-bin-x64-2.9.tar.lzma...
2023-11-01 19:46:18,380+0100 INFO  miktex-console.packagemanager - going to download https://mirror.funkfreundelandshut.de/latex/systems/win32/miktex/tm/packages/miktex-fmt-bin-x64-2.9.tar.lzma
2023-11-01 19:46:18,517+0100 INFO  mainwindow - 0.08 MB, 4.68 Mbit/s
2023-11-01 19:46:18,525+0100 ERROR miktex-console.core - Access is denied.

2023-11-01 19:46:18,526+0100 ERROR miktex-console.core - Function: DeleteFileW
2023-11-01 19:46:18,526+0100 ERROR miktex-console.core - Result: 5
2023-11-01 19:46:18,526+0100 ERROR miktex-console.core - Data: path="C:\Users\Vinzenz Götz\Desktop\Uni\Tex\miktex\texmfs\install\miktex\bin\x64\MiKTeX231000-fmt.dll"
2023-11-01 19:46:18,526+0100 ERROR miktex-console.core - Source: Libraries\MiKTeX\Core\File\win\winFile.cpp:320
2023-11-01 19:46:18,545+0100 INFO  mainwindow - extracting files from miktex-fmt-bin-x64-2.9.tar.lzma...
2023-11-01 19:46:18,592+0100 INFO  miktex-console.packagemanager - installing package miktex-fontconfig-bin-x64-2.9
2023-11-01 19:46:18,593+0100 INFO  mainwindow - downloading https://mirror.funkfreundelandshut.de/latex/systems/win32/miktex/tm/packages/miktex-fontconfig-bin-x64-2.9.tar.lzma...
2023-11-01 19:46:18,593+0100 INFO  miktex-console.packagemanager - going to download https://mirror.funkfreundelandshut.de/latex/systems/win32/miktex/tm/packages/miktex-fontconfig-bin-x64-2.9.tar.lzma
2023-11-01 19:46:18,698+0100 INFO  mainwindow - 0.16 MB, 12.24 Mbit/s
2023-11-01 19:46:18,767+0100 INFO  mainwindow - extracting files from miktex-fontconfig-bin-x64-2.9.tar.lzma...
2023-11-01 19:46:18,883+0100 INFO  miktex-console.packagemanager - installing package miktex-fonts-bin-x64-2.9
2023-11-01 19:46:18,883+0100 INFO  mainwindow - downloading https://mirror.funkfreundelandshut.de/latex/systems/win32/miktex/tm/packages/miktex-fonts-bin-x64-2.9.tar.lzma...
2023-11-01 19:46:18,884+0100 INFO  miktex-console.packagemanager - going to download https://mirror.funkfreundelandshut.de/latex/systems/win32/miktex/tm/packages/miktex-fonts-bin-x64-2.9.tar.lzma
2023-11-01 19:46:19,000+0100 INFO  mainwindow - 0.08 MB, 5.63 Mbit/s
2023-11-01 19:46:19,027+0100 INFO  mainwindow - extracting files from miktex-fonts-bin-x64-2.9.tar.lzma...
2023-11-01 19:46:19,064+0100 INFO  miktex-console.packagemanager - installing package miktex-freeglut-bin-x64-2.9
2023-11-01 19:46:19,065+0100 INFO  mainwindow - downloading https://mirror.funkfreundelandshut.de/latex/systems/win32/miktex/tm/packages/miktex-freeglut-bin-x64-2.9.tar.lzma...
2023-11-01 19:46:19,065+0100 INFO  miktex-console.packagemanager - going to download https://mirror.funkfreundelandshut.de/latex/systems/win32/miktex/tm/packages/miktex-freeglut-bin-x64-2.9.tar.lzma
2023-11-01 19:46:19,187+0100 INFO  mainwindow - 0.08 MB, 5.42 Mbit/s
2023-11-01 19:46:19,209+0100 INFO  mainwindow - extracting files from miktex-freeglut-bin-x64-2.9.tar.lzma...
2023-11-01 19:46:19,262+0100 INFO  miktex-console.packagemanager - installing package miktex-freetype2-bin-x64-2.9
2023-11-01 19:46:19,263+0100 INFO  mainwindow - downloading https://mirror.funkfreundelandshut.de/latex/systems/win32/miktex/tm/packages/miktex-freetype2-bin-x64-2.9.tar.lzma...
2023-11-01 19:46:19,263+0100 INFO  miktex-console.packagemanager - going to download https://mirror.funkfreundelandshut.de/latex/systems/win32/miktex/tm/packages/miktex-freetype2-bin-x64-2.9.tar.lzma
2023-11-01 19:46:19,570+0100 INFO  mainwindow - 0.31 MB, 7.98 Mbit/s
2023-11-01 19:46:19,591+0100 INFO  mainwindow - extracting files from miktex-freetype2-bin-x64-2.9.tar.lzma...
2023-11-01 19:46:19,652+0100 INFO  miktex-console.packagemanager - installing package miktex-fribidixetex-bin-x64-2.9
2023-11-01 19:46:19,652+0100 INFO  mainwindow - downloading https://mirror.funkfreundelandshut.de/latex/systems/win32/miktex/tm/packages/miktex-fribidixetex-bin-x64-2.9.tar.lzma...
2023-11-01 19:46:19,652+0100 INFO  miktex-console.packagemanager - going to download https://mirror.funkfreundelandshut.de/latex/systems/win32/miktex/tm/packages/miktex-fribidixetex-bin-x64-2.9.tar.lzma
2023-11-01 19:46:19,742+0100 INFO  mainwindow - 0.03 MB, 2.28 Mbit/s
2023-11-01 19:46:19,762+0100 INFO  mainwindow - extracting files from miktex-fribidixetex-bin-x64-2.9.tar.lzma...
2023-11-01 19:46:19,787+0100 INFO  miktex-console.packagemanager - installing package miktex-gd-bin-x64-2.9
2023-11-01 19:46:19,787+0100 INFO  mainwindow - downloading https://mirror.funkfreundelandshut.de/latex/systems/win32/miktex/tm/packages/miktex-gd-bin-x64-2.9.tar.lzma...
2023-11-01 19:46:19,788+0100 INFO  miktex-console.packagemanager - going to download https://mirror.funkfreundelandshut.de/latex/systems/win32/miktex/tm/packages/miktex-gd-bin-x64-2.9.tar.lzma
2023-11-01 19:46:19,886+0100 INFO  mainwindow - 0.11 MB, 8.74 Mbit/s
2023-11-01 19:46:19,912+0100 INFO  mainwindow - extracting files from miktex-gd-bin-x64-2.9.tar.lzma...
2023-11-01 19:46:19,958+0100 INFO  miktex-console.packagemanager - installing package miktex-graphite2-bin-x64-2.9
2023-11-01 19:46:19,958+0100 INFO  mainwindow - downloading https://mirror.funkfreundelandshut.de/latex/systems/win32/miktex/tm/packages/miktex-graphite2-bin-x64-2.9.tar.lzma...
2023-11-01 19:46:19,958+0100 INFO  miktex-console.packagemanager - going to download https://mirror.funkfreundelandshut.de/latex/systems/win32/miktex/tm/packages/miktex-graphite2-bin-x64-2.9.tar.lzma
2023-11-01 19:46:20,071+0100 INFO  mainwindow - 0.07 MB, 5.25 Mbit/s
2023-11-01 19:46:20,092+0100 INFO  mainwindow - extracting files from miktex-graphite2-bin-x64-2.9.tar.lzma...
2023-11-01 19:46:20,158+0100 INFO  miktex-console.packagemanager - installing package miktex-gregorio-bin-x64-2.9
2023-11-01 19:46:20,159+0100 INFO  mainwindow - downloading https://mirror.funkfreundelandshut.de/latex/systems/win32/miktex/tm/packages/miktex-gregorio-bin-x64-2.9.tar.lzma...
2023-11-01 19:46:20,159+0100 INFO  miktex-console.packagemanager - going to download https://mirror.funkfreundelandshut.de/latex/systems/win32/miktex/tm/packages/miktex-gregorio-bin-x64-2.9.tar.lzma
2023-11-01 19:46:20,283+0100 INFO  mainwindow - 0.12 MB, 7.66 Mbit/s
2023-11-01 19:46:20,312+0100 INFO  mainwindow - extracting files from miktex-gregorio-bin-x64-2.9.tar.lzma...
2023-11-01 19:46:20,343+0100 INFO  miktex-console.packagemanager - installing package miktex-gsf2pk-bin-x64-2.9
2023-11-01 19:46:20,343+0100 INFO  mainwindow - downloading https://mirror.funkfreundelandshut.de/latex/systems/win32/miktex/tm/packages/miktex-gsf2pk-bin-x64-2.9.tar.lzma...
2023-11-01 19:46:20,343+0100 INFO  miktex-console.packagemanager - going to download https://mirror.funkfreundelandshut.de/latex/systems/win32/miktex/tm/packages/miktex-gsf2pk-bin-x64-2.9.tar.lzma
2023-11-01 19:46:20,438+0100 INFO  mainwindow - 0.04 MB, 3.78 Mbit/s
2023-11-01 19:46:20,464+0100 INFO  mainwindow - extracting files from miktex-gsf2pk-bin-x64-2.9.tar.lzma...
2023-11-01 19:46:20,490+0100 INFO  miktex-console.packagemanager - installing package miktex-harfbuzz-bin-x64-2.9
2023-11-01 19:46:20,491+0100 INFO  mainwindow - downloading https://mirror.funkfreundelandshut.de/latex/systems/win32/miktex/tm/packages/miktex-harfbuzz-bin-x64-2.9.tar.lzma...
2023-11-01 19:46:20,491+0100 INFO  miktex-console.packagemanager - going to download https://mirror.funkfreundelandshut.de/latex/systems/win32/miktex/tm/packages/miktex-harfbuzz-bin-x64-2.9.tar.lzma
2023-11-01 19:46:20,883+0100 INFO  mainwindow - 0.78 MB, 15.96 Mbit/s
2023-11-01 19:46:20,906+0100 INFO  mainwindow - extracting files from miktex-harfbuzz-bin-x64-2.9.tar.lzma...
2023-11-01 19:46:21,028+0100 INFO  miktex-console.packagemanager - installing package miktex-hitex-bin-x64
2023-11-01 19:46:21,029+0100 INFO  mainwindow - downloading https://mirror.funkfreundelandshut.de/latex/systems/win32/miktex/tm/packages/miktex-hitex-bin-x64.tar.lzma...
2023-11-01 19:46:21,029+0100 INFO  miktex-console.packagemanager - going to download https://mirror.funkfreundelandshut.de/latex/systems/win32/miktex/tm/packages/miktex-hitex-bin-x64.tar.lzma
2023-11-01 19:46:21,148+0100 INFO  mainwindow - 0.25 MB, 17.29 Mbit/s
2023-11-01 19:46:21,181+0100 INFO  mainwindow - extracting files from miktex-hitex-bin-x64.tar.lzma...
2023-11-01 19:46:21,242+0100 INFO  miktex-console.packagemanager - installing package miktex-hunspell-bin-x64-2.9
2023-11-01 19:46:21,243+0100 INFO  mainwindow - downloading https://mirror.funkfreundelandshut.de/latex/systems/win32/miktex/tm/packages/miktex-hunspell-bin-x64-2.9.tar.lzma...
2023-11-01 19:46:21,243+0100 INFO  miktex-console.packagemanager - going to download https://mirror.funkfreundelandshut.de/latex/systems/win32/miktex/tm/packages/miktex-hunspell-bin-x64-2.9.tar.lzma
2023-11-01 19:46:21,710+0100 INFO  mainwindow - 0.22 MB, 3.74 Mbit/s
2023-11-01 19:46:21,740+0100 INFO  mainwindow - extracting files from miktex-hunspell-bin-x64-2.9.tar.lzma...
2023-11-01 19:46:21,831+0100 INFO  miktex-console.packagemanager - installing package miktex-jpeg-bin-x64-2.9
2023-11-01 19:46:21,832+0100 INFO  mainwindow - downloading https://mirror.funkfreundelandshut.de/latex/systems/win32/miktex/tm/packages/miktex-jpeg-bin-x64-2.9.tar.lzma...
2023-11-01 19:46:21,832+0100 INFO  miktex-console.packagemanager - going to download https://mirror.funkfreundelandshut.de/latex/systems/win32/miktex/tm/packages/miktex-jpeg-bin-x64-2.9.tar.lzma
2023-11-01 19:46:21,976+0100 INFO  mainwindow - 0.11 MB, 6.15 Mbit/s
2023-11-01 19:46:22,009+0100 INFO  mainwindow - extracting files from miktex-jpeg-bin-x64-2.9.tar.lzma...
2023-11-01 19:46:22,072+0100 INFO  miktex-console.packagemanager - installing package miktex-kpathsea-bin-x64-2.9
2023-11-01 19:46:22,072+0100 INFO  mainwindow - downloading https://mirror.funkfreundelandshut.de/latex/systems/win32/miktex/tm/packages/miktex-kpathsea-bin-x64-2.9.tar.lzma...
2023-11-01 19:46:22,072+0100 INFO  miktex-console.packagemanager - going to download https://mirror.funkfreundelandshut.de/latex/systems/win32/miktex/tm/packages/miktex-kpathsea-bin-x64-2.9.tar.lzma
2023-11-01 19:46:22,259+0100 INFO  mainwindow - 0.02 MB, 0.86 Mbit/s
2023-11-01 19:46:22,292+0100 INFO  mainwindow - extracting files from miktex-kpathsea-bin-x64-2.9.tar.lzma...
2023-11-01 19:46:22,317+0100 INFO  miktex-console.packagemanager - installing package miktex-lacheck-bin-x64-2.9
2023-11-01 19:46:22,318+0100 INFO  mainwindow - downloading https://mirror.funkfreundelandshut.de/latex/systems/win32/miktex/tm/packages/miktex-lacheck-bin-x64-2.9.tar.lzma...
2023-11-01 19:46:22,318+0100 INFO  miktex-console.packagemanager - going to download https://mirror.funkfreundelandshut.de/latex/systems/win32/miktex/tm/packages/miktex-lacheck-bin-x64-2.9.tar.lzma
2023-11-01 19:46:22,406+0100 INFO  mainwindow - 0.03 MB, 3.02 Mbit/s
2023-11-01 19:46:22,426+0100 INFO  mainwindow - extracting files from miktex-lacheck-bin-x64-2.9.tar.lzma...
2023-11-01 19:46:22,449+0100 INFO  miktex-console.packagemanager - installing package miktex-lcdf-typetools-bin-x64-2.9
2023-11-01 19:46:22,449+0100 INFO  mainwindow - downloading https://mirror.funkfreundelandshut.de/latex/systems/win32/miktex/tm/packages/miktex-lcdf-typetools-bin-x64-2.9.tar.lzma...
2023-11-01 19:46:22,449+0100 INFO  miktex-console.packagemanager - going to download https://mirror.funkfreundelandshut.de/latex/systems/win32/miktex/tm/packages/miktex-lcdf-typetools-bin-x64-2.9.tar.lzma
2023-11-01 19:46:23,035+0100 INFO  mainwindow - 0.71 MB, 9.67 Mbit/s
2023-11-01 19:46:23,080+0100 INFO  mainwindow - extracting files from miktex-lcdf-typetools-bin-x64-2.9.tar.lzma...
2023-11-01 19:46:23,201+0100 INFO  miktex-console.packagemanager - installing package miktex-libressl-bin-x64-2.9
2023-11-01 19:46:23,202+0100 INFO  mainwindow - downloading https://mirror.funkfreundelandshut.de/latex/systems/win32/miktex/tm/packages/miktex-libressl-bin-x64-2.9.tar.lzma...
2023-11-01 19:46:23,202+0100 INFO  miktex-console.packagemanager - going to download https://mirror.funkfreundelandshut.de/latex/systems/win32/miktex/tm/packages/miktex-libressl-bin-x64-2.9.tar.lzma
2023-11-01 19:46:23,725+0100 INFO  mainwindow - 0.61 MB, 9.35 Mbit/s
2023-11-01 19:46:23,737+0100 ERROR miktex-console.core - Access is denied.

2023-11-01 19:46:23,737+0100 ERROR miktex-console.core - Function: DeleteFileW
2023-11-01 19:46:23,737+0100 ERROR miktex-console.core - Result: 5
2023-11-01 19:46:23,737+0100 ERROR miktex-console.core - Data: path="C:\Users\Vinzenz Götz\Desktop\Uni\Tex\miktex\texmfs\install\miktex\bin\x64\MiKTeX231000-libressl-crypto.dll"
2023-11-01 19:46:23,738+0100 ERROR miktex-console.core - Source: Libraries\MiKTeX\Core\File\win\winFile.cpp:320
2023-11-01 19:46:23,755+0100 INFO  mainwindow - extracting files from miktex-libressl-bin-x64-2.9.tar.lzma...
2023-11-01 19:46:23,841+0100 INFO  miktex-console.packagemanager - installing package miktex-log4cxx-bin-x64-2.9
2023-11-01 19:46:23,842+0100 INFO  mainwindow - downloading https://mirror.funkfreundelandshut.de/latex/systems/win32/miktex/tm/packages/miktex-log4cxx-bin-x64-2.9.tar.lzma...
2023-11-01 19:46:23,842+0100 INFO  miktex-console.packagemanager - going to download https://mirror.funkfreundelandshut.de/latex/systems/win32/miktex/tm/packages/miktex-log4cxx-bin-x64-2.9.tar.lzma
2023-11-01 19:46:24,110+0100 INFO  mainwindow - 0.62 MB, 18.55 Mbit/s
2023-11-01 19:46:24,130+0100 ERROR miktex-console.core - Access is denied.

2023-11-01 19:46:24,130+0100 ERROR miktex-console.core - Function: DeleteFileW
2023-11-01 19:46:24,130+0100 ERROR miktex-console.core - Result: 5
2023-11-01 19:46:24,131+0100 ERROR miktex-console.core - Data: path="C:\Users\Vinzenz Götz\Desktop\Uni\Tex\miktex\texmfs\install\miktex\bin\x64\MiKTeX231000-aprutil.dll"
2023-11-01 19:46:24,131+0100 ERROR miktex-console.core - Source: Libraries\MiKTeX\Core\File\win\winFile.cpp:320
2023-11-01 19:46:24,143+0100 ERROR miktex-console.core - Access is denied.

2023-11-01 19:46:24,143+0100 ERROR miktex-console.core - Function: DeleteFileW
2023-11-01 19:46:24,143+0100 ERROR miktex-console.core - Result: 5
2023-11-01 19:46:24,143+0100 ERROR miktex-console.core - Data: path="C:\Users\Vinzenz Götz\Desktop\Uni\Tex\miktex\texmfs\install\miktex\bin\x64\MiKTeX231000-log4cxx.dll"
2023-11-01 19:46:24,143+0100 ERROR miktex-console.core - Source: Libraries\MiKTeX\Core\File\win\winFile.cpp:320
2023-11-01 19:46:24,149+0100 ERROR miktex-console.core - Access is denied.

2023-11-01 19:46:24,149+0100 ERROR miktex-console.core - Function: DeleteFileW
2023-11-01 19:46:24,149+0100 ERROR miktex-console.core - Result: 5
2023-11-01 19:46:24,149+0100 ERROR miktex-console.core - Data: path="C:\Users\Vinzenz Götz\Desktop\Uni\Tex\miktex\texmfs\install\miktex\bin\x64\MiKTeX231000-apr.dll"
2023-11-01 19:46:24,149+0100 ERROR miktex-console.core - Source: Libraries\MiKTeX\Core\File\win\winFile.cpp:320
2023-11-01 19:46:24,165+0100 INFO  mainwindow - extracting files from miktex-log4cxx-bin-x64-2.9.tar.lzma...
2023-11-01 19:46:24,262+0100 INFO  miktex-console.packagemanager - installing package miktex-lua53-bin-x64-2.9
2023-11-01 19:46:24,262+0100 INFO  mainwindow - downloading https://mirror.funkfreundelandshut.de/latex/systems/win32/miktex/tm/packages/miktex-lua53-bin-x64-2.9.tar.lzma...
2023-11-01 19:46:24,262+0100 INFO  miktex-console.packagemanager - going to download https://mirror.funkfreundelandshut.de/latex/systems/win32/miktex/tm/packages/miktex-lua53-bin-x64-2.9.tar.lzma
2023-11-01 19:46:24,317+0100 INFO  mainwindow - 0.10 MB, 15.38 Mbit/s
2023-11-01 19:46:24,344+0100 INFO  mainwindow - extracting files from miktex-lua53-bin-x64-2.9.tar.lzma...
2023-11-01 19:46:24,407+0100 INFO  miktex-console.packagemanager - installing package miktex-luatex-bin-x64-2.9
2023-11-01 19:46:24,408+0100 INFO  mainwindow - downloading https://mirror.funkfreundelandshut.de/latex/systems/win32/miktex/tm/packages/miktex-luatex-bin-x64-2.9.tar.lzma...
2023-11-01 19:46:24,408+0100 INFO  miktex-console.packagemanager - going to download https://mirror.funkfreundelandshut.de/latex/systems/win32/miktex/tm/packages/miktex-luatex-bin-x64-2.9.tar.lzma
2023-11-01 19:46:25,520+0100 INFO  mainwindow - 2.00 MB, 14.37 Mbit/s
2023-11-01 19:46:25,569+0100 INFO  mainwindow - extracting files from miktex-luatex-bin-x64-2.9.tar.lzma...
2023-11-01 19:46:25,742+0100 INFO  miktex-console.packagemanager - installing package miktex-lzma-bin-x64-2.9
2023-11-01 19:46:25,742+0100 INFO  mainwindow - downloading https://mirror.funkfreundelandshut.de/latex/systems/win32/miktex/tm/packages/miktex-lzma-bin-x64-2.9.tar.lzma...
2023-11-01 19:46:25,743+0100 INFO  miktex-console.packagemanager - going to download https://mirror.funkfreundelandshut.de/latex/systems/win32/miktex/tm/packages/miktex-lzma-bin-x64-2.9.tar.lzma
2023-11-01 19:46:25,783+0100 INFO  mainwindow - 0.08 MB, 16.80 Mbit/s
2023-11-01 19:46:25,791+0100 ERROR miktex-console.core - Access is denied.

2023-11-01 19:46:25,791+0100 ERROR miktex-console.core - Function: DeleteFileW
2023-11-01 19:46:25,791+0100 ERROR miktex-console.core - Result: 5
2023-11-01 19:46:25,791+0100 ERROR miktex-console.core - Data: path="C:\Users\Vinzenz Götz\Desktop\Uni\Tex\miktex\texmfs\install\miktex\bin\x64\MiKTeX231000-lzma2.dll"
2023-11-01 19:46:25,791+0100 ERROR miktex-console.core - Source: Libraries\MiKTeX\Core\File\win\winFile.cpp:320
2023-11-01 19:46:25,806+0100 INFO  mainwindow - extracting files from miktex-lzma-bin-x64-2.9.tar.lzma...
2023-11-01 19:46:25,857+0100 INFO  miktex-console.packagemanager - installing package miktex-m-tx-bin-x64-2.9
2023-11-01 19:46:25,858+0100 INFO  mainwindow - downloading https://mirror.funkfreundelandshut.de/latex/systems/win32/miktex/tm/packages/miktex-m-tx-bin-x64-2.9.tar.lzma...
2023-11-01 19:46:25,858+0100 INFO  miktex-console.packagemanager - going to download https://mirror.funkfreundelandshut.de/latex/systems/win32/miktex/tm/packages/miktex-m-tx-bin-x64-2.9.tar.lzma
2023-11-01 19:46:25,936+0100 INFO  mainwindow - 0.05 MB, 5.47 Mbit/s
2023-11-01 19:46:25,956+0100 INFO  mainwindow - extracting files from miktex-m-tx-bin-x64-2.9.tar.lzma...
2023-11-01 19:46:25,981+0100 INFO  miktex-console.packagemanager - installing package miktex-makeindex-bin-x64-2.9
2023-11-01 19:46:25,981+0100 INFO  mainwindow - downloading https://mirror.funkfreundelandshut.de/latex/systems/win32/miktex/tm/packages/miktex-makeindex-bin-x64-2.9.tar.lzma...
2023-11-01 19:46:25,982+0100 INFO  miktex-console.packagemanager - going to download https://mirror.funkfreundelandshut.de/latex/systems/win32/miktex/tm/packages/miktex-makeindex-bin-x64-2.9.tar.lzma
2023-11-01 19:46:26,056+0100 INFO  mainwindow - 0.03 MB, 3.71 Mbit/s
2023-11-01 19:46:26,090+0100 INFO  mainwindow - extracting files from miktex-makeindex-bin-x64-2.9.tar.lzma...
2023-11-01 19:46:26,116+0100 INFO  miktex-console.packagemanager - installing package miktex-md5-bin-x64-2.9
2023-11-01 19:46:26,117+0100 INFO  mainwindow - downloading https://mirror.funkfreundelandshut.de/latex/systems/win32/miktex/tm/packages/miktex-md5-bin-x64-2.9.tar.lzma...
2023-11-01 19:46:26,117+0100 INFO  miktex-console.packagemanager - going to download https://mirror.funkfreundelandshut.de/latex/systems/win32/miktex/tm/packages/miktex-md5-bin-x64-2.9.tar.lzma
2023-11-01 19:46:26,153+0100 INFO  mainwindow - 0.01 MB, 2.03 Mbit/s
2023-11-01 19:46:26,160+0100 ERROR miktex-console.core - Access is denied.

2023-11-01 19:46:26,160+0100 ERROR miktex-console.core - Function: DeleteFileW
2023-11-01 19:46:26,160+0100 ERROR miktex-console.core - Result: 5
2023-11-01 19:46:26,160+0100 ERROR miktex-console.core - Data: path="C:\Users\Vinzenz Götz\Desktop\Uni\Tex\miktex\texmfs\install\miktex\bin\x64\MiKTeX231000-md5.dll"
2023-11-01 19:46:26,160+0100 ERROR miktex-console.core - Source: Libraries\MiKTeX\Core\File\win\winFile.cpp:320
2023-11-01 19:46:26,175+0100 INFO  mainwindow - extracting files from miktex-md5-bin-x64-2.9.tar.lzma...
2023-11-01 19:46:26,225+0100 INFO  miktex-console.packagemanager - installing package miktex-metafont-bin-x64-2.9
2023-11-01 19:46:26,226+0100 INFO  mainwindow - downloading https://mirror.funkfreundelandshut.de/latex/systems/win32/miktex/tm/packages/miktex-metafont-bin-x64-2.9.tar.lzma...
2023-11-01 19:46:26,226+0100 INFO  miktex-console.packagemanager - going to download https://mirror.funkfreundelandshut.de/latex/systems/win32/miktex/tm/packages/miktex-metafont-bin-x64-2.9.tar.lzma
2023-11-01 19:46:26,392+0100 INFO  mainwindow - 0.24 MB, 11.45 Mbit/s
2023-11-01 19:46:26,420+0100 INFO  mainwindow - extracting files from miktex-metafont-bin-x64-2.9.tar.lzma...
2023-11-01 19:46:26,457+0100 INFO  miktex-console.packagemanager - installing package miktex-metapost-bin-x64-2.9
2023-11-01 19:46:26,458+0100 INFO  mainwindow - downloading https://mirror.funkfreundelandshut.de/latex/systems/win32/miktex/tm/packages/miktex-metapost-bin-x64-2.9.tar.lzma...
2023-11-01 19:46:26,458+0100 INFO  miktex-console.packagemanager - going to download https://mirror.funkfreundelandshut.de/latex/systems/win32/miktex/tm/packages/miktex-metapost-bin-x64-2.9.tar.lzma
2023-11-01 19:46:26,839+0100 INFO  mainwindow - 0.29 MB, 6.05 Mbit/s
2023-11-01 19:46:26,867+0100 INFO  mainwindow - extracting files from miktex-metapost-bin-x64-2.9.tar.lzma...
2023-11-01 19:46:26,947+0100 INFO  miktex-console.packagemanager - installing package miktex-mfware-bin-x64-2.9
2023-11-01 19:46:26,948+0100 INFO  mainwindow - downloading https://mirror.funkfreundelandshut.de/latex/systems/win32/miktex/tm/packages/miktex-mfware-bin-x64-2.9.tar.lzma...
2023-11-01 19:46:26,948+0100 INFO  miktex-console.packagemanager - going to download https://mirror.funkfreundelandshut.de/latex/systems/win32/miktex/tm/packages/miktex-mfware-bin-x64-2.9.tar.lzma
2023-11-01 19:46:27,045+0100 INFO  mainwindow - 0.11 MB, 9.05 Mbit/s
2023-11-01 19:46:27,085+0100 INFO  mainwindow - extracting files from miktex-mfware-bin-x64-2.9.tar.lzma...
2023-11-01 19:46:27,129+0100 INFO  miktex-console.packagemanager - installing package miktex-misc
2023-11-01 19:46:27,130+0100 INFO  mainwindow - downloading https://mirror.funkfreundelandshut.de/latex/systems/win32/miktex/tm/packages/miktex-misc.tar.lzma...
2023-11-01 19:46:27,130+0100 INFO  miktex-console.packagemanager - going to download https://mirror.funkfreundelandshut.de/latex/systems/win32/miktex/tm/packages/miktex-misc.tar.lzma
2023-11-01 19:46:27,192+0100 INFO  mainwindow - 0.02 MB, 3.05 Mbit/s
2023-11-01 19:46:27,287+0100 INFO  mainwindow - extracting files from miktex-misc.tar.lzma...
2023-11-01 19:46:27,396+0100 INFO  miktex-console.packagemanager - installing package miktex-mktex-bin-x64-2.9
2023-11-01 19:46:27,396+0100 INFO  mainwindow - downloading https://mirror.funkfreundelandshut.de/latex/systems/win32/miktex/tm/packages/miktex-mktex-bin-x64-2.9.tar.lzma...
2023-11-01 19:46:27,396+0100 INFO  miktex-console.packagemanager - going to download https://mirror.funkfreundelandshut.de/latex/systems/win32/miktex/tm/packages/miktex-mktex-bin-x64-2.9.tar.lzma
2023-11-01 19:46:27,522+0100 INFO  mainwindow - 0.14 MB, 9.19 Mbit/s
2023-11-01 19:46:27,551+0100 INFO  mainwindow - extracting files from miktex-mktex-bin-x64-2.9.tar.lzma...
2023-11-01 19:46:27,605+0100 INFO  miktex-console.packagemanager - installing package miktex-mo-bin-x64-2.9
2023-11-01 19:46:27,606+0100 INFO  mainwindow - downloading https://mirror.funkfreundelandshut.de/latex/systems/win32/miktex/tm/packages/miktex-mo-bin-x64-2.9.tar.lzma...
2023-11-01 19:46:27,606+0100 INFO  miktex-console.packagemanager - going to download https://mirror.funkfreundelandshut.de/latex/systems/win32/miktex/tm/packages/miktex-mo-bin-x64-2.9.tar.lzma
2023-11-01 19:46:27,742+0100 INFO  mainwindow - 0.29 MB, 17.33 Mbit/s
2023-11-01 19:46:27,787+0100 INFO  mainwindow - extracting files from miktex-mo-bin-x64-2.9.tar.lzma...
2023-11-01 19:46:27,861+0100 INFO  miktex-console.packagemanager - installing package miktex-mpfr-bin-x64-2.9
2023-11-01 19:46:27,862+0100 INFO  mainwindow - downloading https://mirror.funkfreundelandshut.de/latex/systems/win32/miktex/tm/packages/miktex-mpfr-bin-x64-2.9.tar.lzma...
2023-11-01 19:46:27,862+0100 INFO  miktex-console.packagemanager - going to download https://mirror.funkfreundelandshut.de/latex/systems/win32/miktex/tm/packages/miktex-mpfr-bin-x64-2.9.tar.lzma
2023-11-01 19:46:28,040+0100 INFO  mainwindow - 0.18 MB, 8.26 Mbit/s
2023-11-01 19:46:28,062+0100 INFO  mainwindow - extracting files from miktex-mpfr-bin-x64-2.9.tar.lzma...
2023-11-01 19:46:28,139+0100 INFO  miktex-console.packagemanager - installing package miktex-mpmcli-bin-x64-2.9
2023-11-01 19:46:28,139+0100 INFO  mainwindow - downloading https://mirror.funkfreundelandshut.de/latex/systems/win32/miktex/tm/packages/miktex-mpmcli-bin-x64-2.9.tar.lzma...
2023-11-01 19:46:28,140+0100 INFO  miktex-console.packagemanager - going to download https://mirror.funkfreundelandshut.de/latex/systems/win32/miktex/tm/packages/miktex-mpmcli-bin-x64-2.9.tar.lzma
2023-11-01 19:46:28,211+0100 INFO  mainwindow - 0.06 MB, 6.42 Mbit/s
2023-11-01 19:46:28,245+0100 INFO  mainwindow - extracting files from miktex-mpmcli-bin-x64-2.9.tar.lzma...
2023-11-01 19:46:28,270+0100 INFO  miktex-console.packagemanager - installing package miktex-mspack-bin-x64-2.9
2023-11-01 19:46:28,271+0100 INFO  mainwindow - downloading https://mirror.funkfreundelandshut.de/latex/systems/win32/miktex/tm/packages/miktex-mspack-bin-x64-2.9.tar.lzma...
2023-11-01 19:46:28,271+0100 INFO  miktex-console.packagemanager - going to download https://mirror.funkfreundelandshut.de/latex/systems/win32/miktex/tm/packages/miktex-mspack-bin-x64-2.9.tar.lzma
2023-11-01 19:46:28,327+0100 INFO  mainwindow - 0.04 MB, 5.14 Mbit/s
2023-11-01 19:46:28,337+0100 ERROR miktex-console.core - Access is denied.

2023-11-01 19:46:28,337+0100 ERROR miktex-console.core - Function: DeleteFileW
2023-11-01 19:46:28,337+0100 ERROR miktex-console.core - Result: 5
2023-11-01 19:46:28,337+0100 ERROR miktex-console.core - Data: path="C:\Users\Vinzenz Götz\Desktop\Uni\Tex\miktex\texmfs\install\miktex\bin\x64\MiKTeX231000-mspack.dll"
2023-11-01 19:46:28,337+0100 ERROR miktex-console.core - Source: Libraries\MiKTeX\Core\File\win\winFile.cpp:320
2023-11-01 19:46:28,357+0100 INFO  mainwindow - extracting files from miktex-mspack-bin-x64-2.9.tar.lzma...
2023-11-01 19:46:28,421+0100 INFO  miktex-console.packagemanager - installing package miktex-mthelp-bin-x64-2.9
2023-11-01 19:46:28,422+0100 INFO  mainwindow - downloading https://mirror.funkfreundelandshut.de/latex/systems/win32/miktex/tm/packages/miktex-mthelp-bin-x64-2.9.tar.lzma...
2023-11-01 19:46:28,422+0100 INFO  miktex-console.packagemanager - going to download https://mirror.funkfreundelandshut.de/latex/systems/win32/miktex/tm/packages/miktex-mthelp-bin-x64-2.9.tar.lzma
2023-11-01 19:46:28,462+0100 INFO  mainwindow - 0.04 MB, 9.30 Mbit/s
2023-11-01 19:46:28,480+0100 INFO  mainwindow - extracting files from miktex-mthelp-bin-x64-2.9.tar.lzma...
2023-11-01 19:46:28,505+0100 INFO  miktex-console.packagemanager - installing package miktex-mtprint-bin-x64-2.9
2023-11-01 19:46:28,505+0100 INFO  mainwindow - downloading https://mirror.funkfreundelandshut.de/latex/systems/win32/miktex/tm/packages/miktex-mtprint-bin-x64-2.9.tar.lzma...
2023-11-01 19:46:28,506+0100 INFO  miktex-console.packagemanager - going to download https://mirror.funkfreundelandshut.de/latex/systems/win32/miktex/tm/packages/miktex-mtprint-bin-x64-2.9.tar.lzma
2023-11-01 19:46:28,561+0100 INFO  mainwindow - 0.05 MB, 7.01 Mbit/s
2023-11-01 19:46:28,586+0100 INFO  mainwindow - extracting files from miktex-mtprint-bin-x64-2.9.tar.lzma...
2023-11-01 19:46:28,611+0100 INFO  miktex-console.packagemanager - installing package miktex-omegaware-bin-x64-2.9
2023-11-01 19:46:28,611+0100 INFO  mainwindow - downloading https://mirror.funkfreundelandshut.de/latex/systems/win32/miktex/tm/packages/miktex-omegaware-bin-x64-2.9.tar.lzma...
2023-11-01 19:46:28,611+0100 INFO  miktex-console.packagemanager - going to download https://mirror.funkfreundelandshut.de/latex/systems/win32/miktex/tm/packages/miktex-omegaware-bin-x64-2.9.tar.lzma
2023-11-01 19:46:28,778+0100 INFO  mainwindow - 0.22 MB, 10.55 Mbit/s
2023-11-01 19:46:28,832+0100 INFO  mainwindow - extracting files from miktex-omegaware-bin-x64-2.9.tar.lzma...
2023-11-01 19:46:28,912+0100 INFO  miktex-console.packagemanager - installing package miktex-patgen-bin-x64
2023-11-01 19:46:28,912+0100 INFO  mainwindow - downloading https://mirror.funkfreundelandshut.de/latex/systems/win32/miktex/tm/packages/miktex-patgen-bin-x64.tar.lzma...
2023-11-01 19:46:28,913+0100 INFO  miktex-console.packagemanager - going to download https://mirror.funkfreundelandshut.de/latex/systems/win32/miktex/tm/packages/miktex-patgen-bin-x64.tar.lzma
2023-11-01 19:46:28,953+0100 INFO  mainwindow - 0.04 MB, 8.62 Mbit/s
2023-11-01 19:46:28,989+0100 INFO  mainwindow - extracting files from miktex-patgen-bin-x64.tar.lzma...
2023-11-01 19:46:29,016+0100 INFO  miktex-console.packagemanager - installing package miktex-pdftex-bin-x64-2.9
2023-11-01 19:46:29,017+0100 INFO  mainwindow - downloading https://mirror.funkfreundelandshut.de/latex/systems/win32/miktex/tm/packages/miktex-pdftex-bin-x64-2.9.tar.lzma...
2023-11-01 19:46:29,017+0100 INFO  miktex-console.packagemanager - going to download https://mirror.funkfreundelandshut.de/latex/systems/win32/miktex/tm/packages/miktex-pdftex-bin-x64-2.9.tar.lzma
2023-11-01 19:46:29,423+0100 INFO  mainwindow - 0.83 MB, 16.38 Mbit/s
2023-11-01 19:46:29,453+0100 INFO  mainwindow - extracting files from miktex-pdftex-bin-x64-2.9.tar.lzma...
2023-11-01 19:46:29,536+0100 INFO  miktex-console.packagemanager - installing package miktex-pixman-bin-x64-2.9
2023-11-01 19:46:29,537+0100 INFO  mainwindow - downloading https://mirror.funkfreundelandshut.de/latex/systems/win32/miktex/tm/packages/miktex-pixman-bin-x64-2.9.tar.lzma...
2023-11-01 19:46:29,537+0100 INFO  miktex-console.packagemanager - going to download https://mirror.funkfreundelandshut.de/latex/systems/win32/miktex/tm/packages/miktex-pixman-bin-x64-2.9.tar.lzma
2023-11-01 19:46:29,701+0100 INFO  mainwindow - 0.20 MB, 9.97 Mbit/s
2023-11-01 19:46:29,723+0100 INFO  mainwindow - extracting files from miktex-pixman-bin-x64-2.9.tar.lzma...
2023-11-01 19:46:29,801+0100 INFO  miktex-console.packagemanager - installing package miktex-pmx-bin-x64-2.9
2023-11-01 19:46:29,802+0100 INFO  mainwindow - downloading https://mirror.funkfreundelandshut.de/latex/systems/win32/miktex/tm/packages/miktex-pmx-bin-x64-2.9.tar.lzma...
2023-11-01 19:46:29,802+0100 INFO  miktex-console.packagemanager - going to download https://mirror.funkfreundelandshut.de/latex/systems/win32/miktex/tm/packages/miktex-pmx-bin-x64-2.9.tar.lzma
2023-11-01 19:46:29,956+0100 INFO  mainwindow - 0.25 MB, 12.85 Mbit/s
2023-11-01 19:46:29,997+0100 INFO  mainwindow - extracting files from miktex-pmx-bin-x64-2.9.tar.lzma...
2023-11-01 19:46:30,042+0100 INFO  miktex-console.packagemanager - installing package miktex-png-bin-x64-2.9
2023-11-01 19:46:30,043+0100 INFO  mainwindow - downloading https://mirror.funkfreundelandshut.de/latex/systems/win32/miktex/tm/packages/miktex-png-bin-x64-2.9.tar.lzma...
2023-11-01 19:46:30,043+0100 INFO  miktex-console.packagemanager - going to download https://mirror.funkfreundelandshut.de/latex/systems/win32/miktex/tm/packages/miktex-png-bin-x64-2.9.tar.lzma
2023-11-01 19:46:30,107+0100 INFO  mainwindow - 0.09 MB, 11.26 Mbit/s
2023-11-01 19:46:30,131+0100 INFO  mainwindow - extracting files from miktex-png-bin-x64-2.9.tar.lzma...
2023-11-01 19:46:30,202+0100 INFO  miktex-console.packagemanager - installing package miktex-poppler-bin-x64-2.9
2023-11-01 19:46:30,203+0100 INFO  mainwindow - downloading https://mirror.funkfreundelandshut.de/latex/systems/win32/miktex/tm/packages/miktex-poppler-bin-x64-2.9.tar.lzma...
2023-11-01 19:46:30,203+0100 INFO  miktex-console.packagemanager - going to download https://mirror.funkfreundelandshut.de/latex/systems/win32/miktex/tm/packages/miktex-poppler-bin-x64-2.9.tar.lzma
2023-11-01 19:46:31,056+0100 INFO  mainwindow - 1.34 MB, 12.62 Mbit/s
2023-11-01 19:46:31,125+0100 INFO  mainwindow - extracting files from miktex-poppler-bin-x64-2.9.tar.lzma...
2023-11-01 19:46:31,344+0100 INFO  miktex-console.packagemanager - installing package miktex-popt-bin-x64-2.9
2023-11-01 19:46:31,345+0100 INFO  mainwindow - downloading https://mirror.funkfreundelandshut.de/latex/systems/win32/miktex/tm/packages/miktex-popt-bin-x64-2.9.tar.lzma...
2023-11-01 19:46:31,345+0100 INFO  miktex-console.packagemanager - going to download https://mirror.funkfreundelandshut.de/latex/systems/win32/miktex/tm/packages/miktex-popt-bin-x64-2.9.tar.lzma
2023-11-01 19:46:31,382+0100 INFO  mainwindow - 0.02 MB, 5.36 Mbit/s
2023-11-01 19:46:31,390+0100 ERROR miktex-console.core - Access is denied.

2023-11-01 19:46:31,390+0100 ERROR miktex-console.core - Function: DeleteFileW
2023-11-01 19:46:31,390+0100 ERROR miktex-console.core - Result: 5
2023-11-01 19:46:31,390+0100 ERROR miktex-console.core - Data: path="C:\Users\Vinzenz Götz\Desktop\Uni\Tex\miktex\texmfs\install\miktex\bin\x64\MiKTeX231000-popt.dll"
2023-11-01 19:46:31,390+0100 ERROR miktex-console.core - Source: Libraries\MiKTeX\Core\File\win\winFile.cpp:320
2023-11-01 19:46:31,404+0100 INFO  mainwindow - extracting files from miktex-popt-bin-x64-2.9.tar.lzma...
2023-11-01 19:46:31,454+0100 INFO  miktex-console.packagemanager - installing package miktex-posix-bin-x64-2.9
2023-11-01 19:46:31,455+0100 INFO  mainwindow - downloading https://mirror.funkfreundelandshut.de/latex/systems/win32/miktex/tm/packages/miktex-posix-bin-x64-2.9.tar.lzma...
2023-11-01 19:46:31,455+0100 INFO  miktex-console.packagemanager - going to download https://mirror.funkfreundelandshut.de/latex/systems/win32/miktex/tm/packages/miktex-posix-bin-x64-2.9.tar.lzma
2023-11-01 19:46:31,503+0100 INFO  mainwindow - 0.04 MB, 6.27 Mbit/s
2023-11-01 19:46:31,529+0100 INFO  mainwindow - extracting files from miktex-posix-bin-x64-2.9.tar.lzma...
2023-11-01 19:46:31,600+0100 INFO  miktex-console.packagemanager - installing package miktex-ps2pk-bin-x64-2.9
2023-11-01 19:46:31,601+0100 INFO  mainwindow - downloading https://mirror.funkfreundelandshut.de/latex/systems/win32/miktex/tm/packages/miktex-ps2pk-bin-x64-2.9.tar.lzma...
2023-11-01 19:46:31,601+0100 INFO  miktex-console.packagemanager - going to download https://mirror.funkfreundelandshut.de/latex/systems/win32/miktex/tm/packages/miktex-ps2pk-bin-x64-2.9.tar.lzma
2023-11-01 19:46:31,666+0100 INFO  mainwindow - 0.08 MB, 9.40 Mbit/s
2023-11-01 19:46:31,697+0100 INFO  mainwindow - extracting files from miktex-ps2pk-bin-x64-2.9.tar.lzma...
2023-11-01 19:46:31,727+0100 INFO  miktex-console.packagemanager - installing package miktex-psutils-bin-x64-2.9
2023-11-01 19:46:31,728+0100 INFO  mainwindow - downloading https://mirror.funkfreundelandshut.de/latex/systems/win32/miktex/tm/packages/miktex-psutils-bin-x64-2.9.tar.lzma...
2023-11-01 19:46:31,728+0100 INFO  miktex-console.packagemanager - going to download https://mirror.funkfreundelandshut.de/latex/systems/win32/miktex/tm/packages/miktex-psutils-bin-x64-2.9.tar.lzma
2023-11-01 19:46:31,778+0100 INFO  mainwindow - 0.06 MB, 9.90 Mbit/s
2023-11-01 19:46:31,815+0100 INFO  mainwindow - extracting files from miktex-psutils-bin-x64-2.9.tar.lzma...
2023-11-01 19:46:31,876+0100 INFO  miktex-console.packagemanager - installing package miktex-ptex-bin-x64
2023-11-01 19:46:31,877+0100 INFO  mainwindow - downloading https://mirror.funkfreundelandshut.de/latex/systems/win32/miktex/tm/packages/miktex-ptex-bin-x64.tar.lzma...
2023-11-01 19:46:31,877+0100 INFO  miktex-console.packagemanager - going to download https://mirror.funkfreundelandshut.de/latex/systems/win32/miktex/tm/packages/miktex-ptex-bin-x64.tar.lzma
2023-11-01 19:46:32,388+0100 INFO  mainwindow - 0.50 MB, 7.83 Mbit/s
2023-11-01 19:46:32,426+0100 INFO  mainwindow - extracting files from miktex-ptex-bin-x64.tar.lzma...
2023-11-01 19:46:34,076+0100 INFO  miktex-console.packagemanager - installing package miktex-runtime-bin-x64-2.9
2023-11-01 19:46:34,076+0100 INFO  mainwindow - downloading https://mirror.funkfreundelandshut.de/latex/systems/win32/miktex/tm/packages/miktex-runtime-bin-x64-2.9.tar.lzma...
2023-11-01 19:46:34,076+0100 INFO  miktex-console.packagemanager - going to download https://mirror.funkfreundelandshut.de/latex/systems/win32/miktex/tm/packages/miktex-runtime-bin-x64-2.9.tar.lzma
2023-11-01 19:46:34,719+0100 INFO  mainwindow - 1.55 MB, 19.30 Mbit/s
2023-11-01 19:46:34,744+0100 ERROR miktex-console.core - Access is denied.

2023-11-01 19:46:34,744+0100 ERROR miktex-console.core - Function: DeleteFileW
2023-11-01 19:46:34,744+0100 ERROR miktex-console.core - Result: 5
2023-11-01 19:46:34,744+0100 ERROR miktex-console.core - Data: path="C:\Users\Vinzenz Götz\Desktop\Uni\Tex\miktex\texmfs\install\miktex\bin\x64\MiKTeX231000-trace.dll"
2023-11-01 19:46:34,744+0100 ERROR miktex-console.core - Source: Libraries\MiKTeX\Core\File\win\winFile.cpp:320
2023-11-01 19:46:34,792+0100 ERROR miktex-console.core - Access is denied.

2023-11-01 19:46:34,792+0100 ERROR miktex-console.core - Function: DeleteFileW
2023-11-01 19:46:34,792+0100 ERROR miktex-console.core - Result: 5
2023-11-01 19:46:34,792+0100 ERROR miktex-console.core - Data: path="C:\Users\Vinzenz Götz\Desktop\Uni\Tex\miktex\texmfs\install\miktex\bin\x64\MiKTeX231000-core.dll"
2023-11-01 19:46:34,792+0100 ERROR miktex-console.core - Source: Libraries\MiKTeX\Core\File\win\winFile.cpp:320
2023-11-01 19:46:34,797+0100 ERROR miktex-console.core - Access is denied.

2023-11-01 19:46:34,797+0100 ERROR miktex-console.core - Function: DeleteFileW
2023-11-01 19:46:34,797+0100 ERROR miktex-console.core - Result: 5
2023-11-01 19:46:34,797+0100 ERROR miktex-console.core - Data: path="C:\Users\Vinzenz Götz\Desktop\Uni\Tex\miktex\texmfs\install\miktex\bin\x64\MiKTeX231000-res.dll"
2023-11-01 19:46:34,797+0100 ERROR miktex-console.core - Source: Libraries\MiKTeX\Core\File\win\winFile.cpp:320
2023-11-01 19:46:34,804+0100 ERROR miktex-console.core - Access is denied.

2023-11-01 19:46:34,804+0100 ERROR miktex-console.core - Function: DeleteFileW
2023-11-01 19:46:34,804+0100 ERROR miktex-console.core - Result: 5
2023-11-01 19:46:34,804+0100 ERROR miktex-console.core - Data: path="C:\Users\Vinzenz Götz\Desktop\Uni\Tex\miktex\texmfs\install\miktex\bin\x64\MiKTeX231000-packagemanager.dll"
2023-11-01 19:46:34,804+0100 ERROR miktex-console.core - Source: Libraries\MiKTeX\Core\File\win\winFile.cpp:320
2023-11-01 19:46:34,809+0100 ERROR miktex-console.core - Access is denied.

2023-11-01 19:46:34,809+0100 ERROR miktex-console.core - Function: DeleteFileW
2023-11-01 19:46:34,809+0100 ERROR miktex-console.core - Result: 5
2023-11-01 19:46:34,809+0100 ERROR miktex-console.core - Data: path="C:\Users\Vinzenz Götz\Desktop\Uni\Tex\miktex\texmfs\install\miktex\bin\x64\MiKTeX231000-setup.dll"
2023-11-01 19:46:34,809+0100 ERROR miktex-console.core - Source: Libraries\MiKTeX\Core\File\win\winFile.cpp:320
2023-11-01 19:46:34,814+0100 ERROR miktex-console.core - Access is denied.

2023-11-01 19:46:34,814+0100 ERROR miktex-console.core - Function: DeleteFileW
2023-11-01 19:46:34,814+0100 ERROR miktex-console.core - Result: 5
2023-11-01 19:46:34,814+0100 ERROR miktex-console.core - Data: path="C:\Users\Vinzenz Götz\Desktop\Uni\Tex\miktex\texmfs\install\miktex\bin\x64\MiKTeX231000-extractor.dll"
2023-11-01 19:46:34,814+0100 ERROR miktex-console.core - Source: Libraries\MiKTeX\Core\File\win\winFile.cpp:320
2023-11-01 19:46:34,819+0100 ERROR miktex-console.core - Access is denied.

2023-11-01 19:46:34,819+0100 ERROR miktex-console.core - Function: DeleteFileW
2023-11-01 19:46:34,819+0100 ERROR miktex-console.core - Result: 5
2023-11-01 19:46:34,819+0100 ERROR miktex-console.core - Data: path="C:\Users\Vinzenz Götz\Desktop\Uni\Tex\miktex\texmfs\install\miktex\bin\x64\MiKTeX231000-ui-Qt.dll"
2023-11-01 19:46:34,819+0100 ERROR miktex-console.core - Source: Libraries\MiKTeX\Core\File\win\winFile.cpp:320
2023-11-01 19:46:34,824+0100 ERROR miktex-console.core - Access is denied.

2023-11-01 19:46:34,824+0100 ERROR miktex-console.core - Function: DeleteFileW
2023-11-01 19:46:34,824+0100 ERROR miktex-console.core - Result: 5
2023-11-01 19:46:34,824+0100 ERROR miktex-console.core - Data: path="C:\Users\Vinzenz Götz\Desktop\Uni\Tex\miktex\texmfs\install\miktex\bin\x64\MiKTeX231000-utf8wrap.dll"
2023-11-01 19:46:34,824+0100 ERROR miktex-console.core - Source: Libraries\MiKTeX\Core\File\win\winFile.cpp:320
2023-11-01 19:46:34,829+0100 ERROR miktex-console.core - Access is denied.

2023-11-01 19:46:34,829+0100 ERROR miktex-console.core - Function: DeleteFileW
2023-11-01 19:46:34,829+0100 ERROR miktex-console.core - Result: 5
2023-11-01 19:46:34,829+0100 ERROR miktex-console.core - Data: path="C:\Users\Vinzenz Götz\Desktop\Uni\Tex\miktex\texmfs\install\miktex\bin\x64\MiKTeX231000-loc.dll"
2023-11-01 19:46:34,829+0100 ERROR miktex-console.core - Source: Libraries\MiKTeX\Core\File\win\winFile.cpp:320
2023-11-01 19:46:34,834+0100 ERROR miktex-console.core - Access is denied.

2023-11-01 19:46:34,834+0100 ERROR miktex-console.core - Function: DeleteFileW
2023-11-01 19:46:34,834+0100 ERROR miktex-console.core - Result: 5
2023-11-01 19:46:34,834+0100 ERROR miktex-console.core - Data: path="C:\Users\Vinzenz Götz\Desktop\Uni\Tex\miktex\texmfs\install\miktex\bin\x64\MiKTeX231000-util.dll"
2023-11-01 19:46:34,834+0100 ERROR miktex-console.core - Source: Libraries\MiKTeX\Core\File\win\winFile.cpp:320
2023-11-01 19:46:34,847+0100 INFO  mainwindow - extracting files from miktex-runtime-bin-x64-2.9.tar.lzma...
2023-11-01 19:46:35,149+0100 INFO  miktex-console.packagemanager - installing package miktex-synctex-bin-x64-2.9
2023-11-01 19:46:35,149+0100 INFO  mainwindow - downloading https://mirror.funkfreundelandshut.de/latex/systems/win32/miktex/tm/packages/miktex-synctex-bin-x64-2.9.tar.lzma...
2023-11-01 19:46:35,149+0100 INFO  miktex-console.packagemanager - going to download https://mirror.funkfreundelandshut.de/latex/systems/win32/miktex/tm/packages/miktex-synctex-bin-x64-2.9.tar.lzma
2023-11-01 19:46:35,215+0100 INFO  mainwindow - 0.05 MB, 6.74 Mbit/s
2023-11-01 19:46:35,252+0100 INFO  mainwindow - extracting files from miktex-synctex-bin-x64-2.9.tar.lzma...
2023-11-01 19:46:35,280+0100 INFO  miktex-console.packagemanager - installing package miktex-tdsutil-bin-x64
2023-11-01 19:46:35,280+0100 INFO  mainwindow - downloading https://mirror.funkfreundelandshut.de/latex/systems/win32/miktex/tm/packages/miktex-tdsutil-bin-x64.tar.lzma...
2023-11-01 19:46:35,281+0100 INFO  miktex-console.packagemanager - going to download https://mirror.funkfreundelandshut.de/latex/systems/win32/miktex/tm/packages/miktex-tdsutil-bin-x64.tar.lzma
2023-11-01 19:46:35,395+0100 INFO  mainwindow - 0.07 MB, 4.58 Mbit/s
2023-11-01 19:46:35,418+0100 INFO  mainwindow - extracting files from miktex-tdsutil-bin-x64.tar.lzma...
2023-11-01 19:46:35,444+0100 INFO  miktex-console.packagemanager - installing package miktex-teckit-bin-x64-2.9
2023-11-01 19:46:35,445+0100 INFO  mainwindow - downloading https://mirror.funkfreundelandshut.de/latex/systems/win32/miktex/tm/packages/miktex-teckit-bin-x64-2.9.tar.lzma...
2023-11-01 19:46:35,445+0100 INFO  miktex-console.packagemanager - going to download https://mirror.funkfreundelandshut.de/latex/systems/win32/miktex/tm/packages/miktex-teckit-bin-x64-2.9.tar.lzma
2023-11-01 19:46:35,484+0100 INFO  mainwindow - 0.03 MB, 5.72 Mbit/s
2023-11-01 19:46:35,506+0100 INFO  mainwindow - extracting files from miktex-teckit-bin-x64-2.9.tar.lzma...
2023-11-01 19:46:35,560+0100 INFO  miktex-console.packagemanager - installing package miktex-tex-bin-x64-2.9
2023-11-01 19:46:35,561+0100 INFO  mainwindow - downloading https://mirror.funkfreundelandshut.de/latex/systems/win32/miktex/tm/packages/miktex-tex-bin-x64-2.9.tar.lzma...
2023-11-01 19:46:35,561+0100 INFO  miktex-console.packagemanager - going to download https://mirror.funkfreundelandshut.de/latex/systems/win32/miktex/tm/packages/miktex-tex-bin-x64-2.9.tar.lzma
2023-11-01 19:46:35,669+0100 INFO  mainwindow - 0.17 MB, 13.01 Mbit/s
2023-11-01 19:46:35,691+0100 INFO  mainwindow - extracting files from miktex-tex-bin-x64-2.9.tar.lzma...
2023-11-01 19:46:35,731+0100 INFO  miktex-console.packagemanager - installing package miktex-tex2xindy-bin-x64-2.9
2023-11-01 19:46:35,732+0100 INFO  mainwindow - downloading https://mirror.funkfreundelandshut.de/latex/systems/win32/miktex/tm/packages/miktex-tex2xindy-bin-x64-2.9.tar.lzma...
2023-11-01 19:46:35,732+0100 INFO  miktex-console.packagemanager - going to download https://mirror.funkfreundelandshut.de/latex/systems/win32/miktex/tm/packages/miktex-tex2xindy-bin-x64-2.9.tar.lzma
2023-11-01 19:46:35,774+0100 INFO  mainwindow - 0.02 MB, 3.89 Mbit/s
2023-11-01 19:46:35,800+0100 INFO  mainwindow - extracting files from miktex-tex2xindy-bin-x64-2.9.tar.lzma...
2023-11-01 19:46:35,838+0100 INFO  miktex-console.packagemanager - installing package miktex-tex4ht-bin-x64-2.9
2023-11-01 19:46:35,839+0100 INFO  mainwindow - downloading https://mirror.funkfreundelandshut.de/latex/systems/win32/miktex/tm/packages/miktex-tex4ht-bin-x64-2.9.tar.lzma...
2023-11-01 19:46:35,840+0100 INFO  miktex-console.packagemanager - going to download https://mirror.funkfreundelandshut.de/latex/systems/win32/miktex/tm/packages/miktex-tex4ht-bin-x64-2.9.tar.lzma
2023-11-01 19:46:35,914+0100 INFO  mainwindow - 0.07 MB, 8.05 Mbit/s
2023-11-01 19:46:35,949+0100 INFO  mainwindow - extracting files from miktex-tex4ht-bin-x64-2.9.tar.lzma...
2023-11-01 19:46:35,994+0100 INFO  miktex-console.packagemanager - installing package miktex-texify-bin-x64-2.9
2023-11-01 19:46:35,995+0100 INFO  mainwindow - downloading https://mirror.funkfreundelandshut.de/latex/systems/win32/miktex/tm/packages/miktex-texify-bin-x64-2.9.tar.lzma...
2023-11-01 19:46:35,995+0100 INFO  miktex-console.packagemanager - going to download https://mirror.funkfreundelandshut.de/latex/systems/win32/miktex/tm/packages/miktex-texify-bin-x64-2.9.tar.lzma
2023-11-01 19:46:36,084+0100 INFO  mainwindow - 0.07 MB, 6.41 Mbit/s
2023-11-01 19:46:36,107+0100 INFO  mainwindow - extracting files from miktex-texify-bin-x64-2.9.tar.lzma...
2023-11-01 19:46:36,136+0100 INFO  miktex-console.packagemanager - installing package miktex-texware-bin-x64-2.9
2023-11-01 19:46:36,137+0100 INFO  mainwindow - downloading https://mirror.funkfreundelandshut.de/latex/systems/win32/miktex/tm/packages/miktex-texware-bin-x64-2.9.tar.lzma...
2023-11-01 19:46:36,137+0100 INFO  miktex-console.packagemanager - going to download https://mirror.funkfreundelandshut.de/latex/systems/win32/miktex/tm/packages/miktex-texware-bin-x64-2.9.tar.lzma
2023-11-01 19:46:36,228+0100 INFO  mainwindow - 0.11 MB, 10.00 Mbit/s
2023-11-01 19:46:36,258+0100 INFO  mainwindow - extracting files from miktex-texware-bin-x64-2.9.tar.lzma...
2023-11-01 19:46:36,301+0100 INFO  miktex-console.packagemanager - installing package miktex-texworks-bin-x64-2.9
2023-11-01 19:46:36,302+0100 INFO  mainwindow - downloading https://mirror.funkfreundelandshut.de/latex/systems/win32/miktex/tm/packages/miktex-texworks-bin-x64-2.9.tar.lzma...
2023-11-01 19:46:36,302+0100 INFO  miktex-console.packagemanager - going to download https://mirror.funkfreundelandshut.de/latex/systems/win32/miktex/tm/packages/miktex-texworks-bin-x64-2.9.tar.lzma
2023-11-01 19:46:38,104+0100 INFO  mainwindow - 2.85 MB, 12.65 Mbit/s
2023-11-01 19:46:38,154+0100 INFO  mainwindow - extracting files from miktex-texworks-bin-x64-2.9.tar.lzma...
2023-11-01 19:46:38,340+0100 INFO  miktex-console.packagemanager - installing package miktex-ttf2pk2-bin-x64-2.9
2023-11-01 19:46:38,341+0100 INFO  mainwindow - downloading https://mirror.funkfreundelandshut.de/latex/systems/win32/miktex/tm/packages/miktex-ttf2pk2-bin-x64-2.9.tar.lzma...
2023-11-01 19:46:38,341+0100 INFO  miktex-console.packagemanager - going to download https://mirror.funkfreundelandshut.de/latex/systems/win32/miktex/tm/packages/miktex-ttf2pk2-bin-x64-2.9.tar.lzma
2023-11-01 19:46:38,416+0100 INFO  mainwindow - 0.06 MB, 6.98 Mbit/s
2023-11-01 19:46:38,451+0100 INFO  mainwindow - extracting files from miktex-ttf2pk2-bin-x64-2.9.tar.lzma...
2023-11-01 19:46:38,483+0100 INFO  miktex-console.packagemanager - installing package miktex-upmendex-bin-x64
2023-11-01 19:46:38,484+0100 INFO  mainwindow - downloading https://mirror.funkfreundelandshut.de/latex/systems/win32/miktex/tm/packages/miktex-upmendex-bin-x64.tar.lzma...
2023-11-01 19:46:38,484+0100 INFO  miktex-console.packagemanager - going to download https://mirror.funkfreundelandshut.de/latex/systems/win32/miktex/tm/packages/miktex-upmendex-bin-x64.tar.lzma
2023-11-01 19:46:38,527+0100 INFO  mainwindow - 0.04 MB, 8.40 Mbit/s
2023-11-01 19:46:38,558+0100 INFO  mainwindow - extracting files from miktex-upmendex-bin-x64.tar.lzma...
2023-11-01 19:46:38,581+0100 INFO  miktex-console.packagemanager - installing package miktex-uriparser-bin-x64-2.9
2023-11-01 19:46:38,581+0100 INFO  mainwindow - downloading https://mirror.funkfreundelandshut.de/latex/systems/win32/miktex/tm/packages/miktex-uriparser-bin-x64-2.9.tar.lzma...
2023-11-01 19:46:38,581+0100 INFO  miktex-console.packagemanager - going to download https://mirror.funkfreundelandshut.de/latex/systems/win32/miktex/tm/packages/miktex-uriparser-bin-x64-2.9.tar.lzma
2023-11-01 19:46:38,638+0100 INFO  mainwindow - 0.03 MB, 4.84 Mbit/s
2023-11-01 19:46:38,650+0100 ERROR miktex-console.core - Access is denied.

2023-11-01 19:46:38,650+0100 ERROR miktex-console.core - Function: DeleteFileW
2023-11-01 19:46:38,650+0100 ERROR miktex-console.core - Result: 5
2023-11-01 19:46:38,650+0100 ERROR miktex-console.core - Data: path="C:\Users\Vinzenz Götz\Desktop\Uni\Tex\miktex\texmfs\install\miktex\bin\x64\MiKTeX231000-uriparser.dll"
2023-11-01 19:46:38,650+0100 ERROR miktex-console.core - Source: Libraries\MiKTeX\Core\File\win\winFile.cpp:320
2023-11-01 19:46:38,669+0100 INFO  mainwindow - extracting files from miktex-uriparser-bin-x64-2.9.tar.lzma...
2023-11-01 19:46:38,747+0100 INFO  miktex-console.packagemanager - installing package miktex-web-bin-x64-2.9
2023-11-01 19:46:38,748+0100 INFO  mainwindow - downloading https://mirror.funkfreundelandshut.de/latex/systems/win32/miktex/tm/packages/miktex-web-bin-x64-2.9.tar.lzma...
2023-11-01 19:46:38,748+0100 INFO  miktex-console.packagemanager - going to download https://mirror.funkfreundelandshut.de/latex/systems/win32/miktex/tm/packages/miktex-web-bin-x64-2.9.tar.lzma
2023-11-01 19:46:38,883+0100 INFO  mainwindow - 0.08 MB, 4.55 Mbit/s
2023-11-01 19:46:38,913+0100 INFO  mainwindow - extracting files from miktex-web-bin-x64-2.9.tar.lzma...
2023-11-01 19:46:38,954+0100 INFO  miktex-console.packagemanager - installing package miktex-xetex-bin-x64-2.9
2023-11-01 19:46:38,955+0100 INFO  mainwindow - downloading https://mirror.funkfreundelandshut.de/latex/systems/win32/miktex/tm/packages/miktex-xetex-bin-x64-2.9.tar.lzma...
2023-11-01 19:46:38,955+0100 INFO  miktex-console.packagemanager - going to download https://mirror.funkfreundelandshut.de/latex/systems/win32/miktex/tm/packages/miktex-xetex-bin-x64-2.9.tar.lzma
2023-11-01 19:46:39,182+0100 INFO  mainwindow - 0.35 MB, 12.46 Mbit/s
2023-11-01 19:46:39,206+0100 INFO  mainwindow - extracting files from miktex-xetex-bin-x64-2.9.tar.lzma...
2023-11-01 19:46:39,254+0100 INFO  miktex-console.packagemanager - installing package miktex-xml2pmx-bin-x64
2023-11-01 19:46:39,254+0100 INFO  mainwindow - downloading https://mirror.funkfreundelandshut.de/latex/systems/win32/miktex/tm/packages/miktex-xml2pmx-bin-x64.tar.lzma...
2023-11-01 19:46:39,255+0100 INFO  miktex-console.packagemanager - going to download https://mirror.funkfreundelandshut.de/latex/systems/win32/miktex/tm/packages/miktex-xml2pmx-bin-x64.tar.lzma
2023-11-01 19:46:39,336+0100 INFO  mainwindow - 0.06 MB, 5.89 Mbit/s
2023-11-01 19:46:39,370+0100 INFO  mainwindow - extracting files from miktex-xml2pmx-bin-x64.tar.lzma...
2023-11-01 19:46:39,409+0100 INFO  miktex-console.packagemanager - installing package miktex-yap-bin-x64-2.9
2023-11-01 19:46:39,410+0100 INFO  mainwindow - downloading https://mirror.funkfreundelandshut.de/latex/systems/win32/miktex/tm/packages/miktex-yap-bin-x64-2.9.tar.lzma...
2023-11-01 19:46:39,410+0100 INFO  miktex-console.packagemanager - going to download https://mirror.funkfreundelandshut.de/latex/systems/win32/miktex/tm/packages/miktex-yap-bin-x64-2.9.tar.lzma
2023-11-01 19:46:39,682+0100 INFO  mainwindow - 0.61 MB, 18.00 Mbit/s
2023-11-01 19:46:39,728+0100 INFO  mainwindow - extracting files from miktex-yap-bin-x64-2.9.tar.lzma...
2023-11-01 19:46:39,829+0100 INFO  miktex-console.packagemanager - installing package miktex-zlib-bin-x64-2.9
2023-11-01 19:46:39,829+0100 INFO  mainwindow - downloading https://mirror.funkfreundelandshut.de/latex/systems/win32/miktex/tm/packages/miktex-zlib-bin-x64-2.9.tar.lzma...
2023-11-01 19:46:39,829+0100 INFO  miktex-console.packagemanager - going to download https://mirror.funkfreundelandshut.de/latex/systems/win32/miktex/tm/packages/miktex-zlib-bin-x64-2.9.tar.lzma
2023-11-01 19:46:39,966+0100 INFO  mainwindow - 0.05 MB, 2.70 Mbit/s
2023-11-01 19:46:39,982+0100 ERROR miktex-console.core - Access is denied.

2023-11-01 19:46:39,982+0100 ERROR miktex-console.core - Function: DeleteFileW
2023-11-01 19:46:39,982+0100 ERROR miktex-console.core - Result: 5
2023-11-01 19:46:39,982+0100 ERROR miktex-console.core - Data: path="C:\Users\Vinzenz Götz\Desktop\Uni\Tex\miktex\texmfs\install\miktex\bin\x64\MiKTeX231000-zlib.dll"
2023-11-01 19:46:39,982+0100 ERROR miktex-console.core - Source: Libraries\MiKTeX\Core\File\win\winFile.cpp:320
2023-11-01 19:46:40,010+0100 INFO  mainwindow - extracting files from miktex-zlib-bin-x64-2.9.tar.lzma...
2023-11-01 19:46:40,070+0100 INFO  miktex-console.packagemanager - installing package miktex-zzip-bin-x64-2.9
2023-11-01 19:46:40,071+0100 INFO  mainwindow - downloading https://mirror.funkfreundelandshut.de/latex/systems/win32/miktex/tm/packages/miktex-zzip-bin-x64-2.9.tar.lzma...
2023-11-01 19:46:40,071+0100 INFO  miktex-console.packagemanager - going to download https://mirror.funkfreundelandshut.de/latex/systems/win32/miktex/tm/packages/miktex-zzip-bin-x64-2.9.tar.lzma
2023-11-01 19:46:40,117+0100 INFO  mainwindow - 0.01 MB, 2.59 Mbit/s
2023-11-01 19:46:40,139+0100 INFO  mainwindow - extracting files from miktex-zzip-bin-x64-2.9.tar.lzma...
2023-11-01 19:46:40,202+0100 INFO  miktex-console.packagemanager - installing package tex4ht
2023-11-01 19:46:40,204+0100 INFO  mainwindow - downloading https://mirror.funkfreundelandshut.de/latex/systems/win32/miktex/tm/packages/tex4ht.tar.lzma...
2023-11-01 19:46:40,204+0100 INFO  miktex-console.packagemanager - going to download https://mirror.funkfreundelandshut.de/latex/systems/win32/miktex/tm/packages/tex4ht.tar.lzma
2023-11-01 19:46:41,059+0100 INFO  mainwindow - 1.17 MB, 10.92 Mbit/s
2023-11-01 19:50:07,036+0100 INFO  mainwindow - extracting files from tex4ht.tar.lzma...
2023-11-01 19:51:00,123+0100 INFO  miktex-console.core - start process: miktex fontmaps configure
2023-11-01 19:51:09,909+0100 INFO  miktex-console.core - start process: mpm --register-components --verbose
2023-11-01 19:51:10,727+0100 INFO  miktex-console.core - start process: miktex --disable-installer --verbose fndb refresh
2023-11-01 19:51:18,077+0100 WARN  miktex-console.packagemanager - dependency problem: showframe is required by _miktex-latex-packages
2023-11-01 19:51:18,077+0100 WARN  miktex-console.packagemanager - dependency problem: thailatex is required by _miktex-latex-packages
2023-11-01 19:51:19,568+0100 INFO  miktex-console.core - start process: miktex --disable-installer --verbose links install --force
2023-11-01 19:51:40,895+0100 INFO  miktex-console.core - start process: miktex --disable-installer --verbose fontmaps configure
2023-11-01 19:51:50,575+0100 INFO  miktex-console.core - start process: miktex --disable-installer --verbose languages configure
2023-11-01 19:51:51,623+0100 ERROR miktex-console.core - Something is wrong with the PATH:
2023-11-01 19:51:51,623+0100 ERROR miktex-console.core - C:\Program Files (x86)\Common Files\Oracle\Java\javapath;C:\Program Files (x86)\NVIDIA Corporation\PhysX\Common;c:\cygwin64\bin;C:\Program Files\Git\cmd;C:\Program Files\Microsoft SQL Server\Client SDK\ODBC\170\Tools\Binn\;C:\Program Files (x86)\Microsoft SQL Server\150\Tools\Binn\;C:\Program Files\Microsoft SQL Server\150\Tools\Binn\;C:\Program Files\Microsoft SQL Server\150\DTS\Binn\;C:\Program Files\Azure Data Studio\bin;C:\Program Files\Microsoft SQL Server\130\Tools\Binn\;C:\Program Files\dotnet\;C:\Program Files\MATLAB\R2021b\bin;C:\Users\Vinzenz Götz\AppData\Local\Programs\Python\Python311\Scripts\;C:\Users\Vinzenz Götz\AppData\Local\Programs\Python\Python311\;C:\Users\Vinzenz Götz\AppData\Local\Microsoft\WindowsApps;C:\Users\Vinzenz Götz\AppData\Local\GitHubDesktop\bin;C:\Program Files\Azure Data Studio\bin;C:\Users\Vinzenz Götz\.dotnet\tools;C:\Windows\System32;C:\msys;C:\msys\mingw64\bin;;C:\Users\Vinzenz Götz\AppData\Roaming\CoolProp
2023-11-01 19:51:52,295+0100 INFO  mainwindow - MiKTeX Console needs to be closed
2023-11-01 19:51:55,242+0100 INFO  miktex-console.core - starting finish script
2023-11-01 19:51:55,243+0100 INFO  miktex-console.core - start process: C:\WINDOWS\system32\cmd.exe /c C:\Users\VINZEN~1\AppData\Local\Temp\mik15683\miktex-console-finish.cmd
2023-11-01 19:51:55,268+0100 INFO  main - finishing with exit code 0
2023-11-01 19:51:59,113+0100 INFO  main - starting: MiKTeX Console 4.9 (MiKTeX 23.10.12 Portable)
2023-11-01 19:51:59,134+0100 ERROR miktex-console.core - Something is wrong with the PATH:
2023-11-01 19:51:59,134+0100 ERROR miktex-console.core - C:\Program Files (x86)\Common Files\Oracle\Java\javapath;C:\Program Files (x86)\NVIDIA Corporation\PhysX\Common;c:\cygwin64\bin;C:\Program Files\Git\cmd;C:\Program Files\Microsoft SQL Server\Client SDK\ODBC\170\Tools\Binn\;C:\Program Files (x86)\Microsoft SQL Server\150\Tools\Binn\;C:\Program Files\Microsoft SQL Server\150\Tools\Binn\;C:\Program Files\Microsoft SQL Server\150\DTS\Binn\;C:\Program Files\Azure Data Studio\bin;C:\Program Files\Microsoft SQL Server\130\Tools\Binn\;C:\Program Files\dotnet\;C:\Program Files\MATLAB\R2021b\bin;C:\Users\Vinzenz Götz\AppData\Local\Programs\Python\Python311\Scripts\;C:\Users\Vinzenz Götz\AppData\Local\Programs\Python\Python311\;C:\Users\Vinzenz Götz\AppData\Local\Microsoft\WindowsApps;C:\Users\Vinzenz Götz\AppData\Local\GitHubDesktop\bin;C:\Program Files\Azure Data Studio\bin;C:\Users\Vinzenz Götz\.dotnet\tools;C:\Windows\System32;C:\msys;C:\msys\mingw64\bin;;C:\Users\Vinzenz Götz\AppData\Roaming\CoolProp
2023-11-01 19:52:01,000+0100 WARN  miktex-console.packagemanager - dependency problem: showframe is required by _miktex-latex-packages
2023-11-01 19:52:01,000+0100 WARN  miktex-console.packagemanager - dependency problem: thailatex is required by _miktex-latex-packages
2023-11-01 19:52:01,680+0100 INFO  miktex-console.core - start process: miktex fontmaps configure
2023-11-01 19:52:15,808+0100 WARN  miktex-console.packagemanager - dependency problem: showframe is required by _miktex-latex-packages
2023-11-01 19:52:15,808+0100 WARN  miktex-console.packagemanager - dependency problem: thailatex is required by _miktex-latex-packages
2023-11-01 19:52:17,928+0100 WARN  miktex-console.packagemanager - dependency problem: showframe is required by _miktex-latex-packages
2023-11-01 19:52:17,928+0100 WARN  miktex-console.packagemanager - dependency problem: thailatex is required by _miktex-latex-packages
2023-11-01 19:54:21,572+0100 INFO  miktex-console.core - start process: cmd
2023-11-01 20:05:00,815+0100 INFO  miktex-console.core - start process: cmd
2023-11-01 20:29:47,159+0100 INFO  main - finishing with exit code 0
